CRITICAL - 2021-12-04 00:11:04 --> syntax error, unexpected ''image'' (T_CONSTANT_ENCAPSED_STRING), expecting ']'
#0 C:\wamp64\www\symox_ci\system\Autoloader\Autoloader.php(241): CodeIgniter\Autoloader\Autoloader->includeFile('C:\\wamp64\\www\\s...')
#1 C:\wamp64\www\symox_ci\system\Autoloader\Autoloader.php(219): CodeIgniter\Autoloader\Autoloader->loadInNamespace('App\\Controllers...')
#2 [internal function]: CodeIgniter\Autoloader\Autoloader->loadClass('App\\Controllers...')
#3 [internal function]: spl_autoload_call('App\\Controllers...')
#4 C:\wamp64\www\symox_ci\system\CodeIgniter.php(789): class_exists('\\App\\Controller...', true)
#5 C:\wamp64\www\symox_ci\system\CodeIgniter.php(397): CodeIgniter\CodeIgniter->startController()
#6 C:\wamp64\www\symox_ci\system\CodeIgniter.php(318): CodeIgniter\CodeIgniter->handleRequest(NULL, Object(Config\Cache), false)
#7 C:\wamp64\www\symox_ci\public\index.php(37): CodeIgniter\CodeIgniter->run()
#8 C:\wamp64\www\symox_ci\system\Commands\Server\rewrite.php(43): require_once('C:\\wamp64\\www\\s...')
#9 {main}
CRITICAL - 2021-12-04 04:29:09 --> syntax error, unexpected ''action'' (T_CONSTANT_ENCAPSED_STRING), expecting ']'
#0 C:\wamp64\www\symox_ci\system\Autoloader\Autoloader.php(241): CodeIgniter\Autoloader\Autoloader->includeFile('C:\\wamp64\\www\\s...')
#1 C:\wamp64\www\symox_ci\system\Autoloader\Autoloader.php(219): CodeIgniter\Autoloader\Autoloader->loadInNamespace('App\\Controllers...')
#2 [internal function]: CodeIgniter\Autoloader\Autoloader->loadClass('App\\Controllers...')
#3 [internal function]: spl_autoload_call('App\\Controllers...')
#4 C:\wamp64\www\symox_ci\system\CodeIgniter.php(789): class_exists('\\App\\Controller...', true)
#5 C:\wamp64\www\symox_ci\system\CodeIgniter.php(397): CodeIgniter\CodeIgniter->startController()
#6 C:\wamp64\www\symox_ci\system\CodeIgniter.php(318): CodeIgniter\CodeIgniter->handleRequest(NULL, Object(Config\Cache), false)
#7 C:\wamp64\www\symox_ci\public\index.php(37): CodeIgniter\CodeIgniter->run()
#8 C:\wamp64\www\symox_ci\system\Commands\Server\rewrite.php(43): require_once('C:\\wamp64\\www\\s...')
#9 {main}
CRITICAL - 2021-12-04 04:29:58 --> syntax error, unexpected ''action'' (T_CONSTANT_ENCAPSED_STRING), expecting ']'
#0 C:\wamp64\www\symox_ci\system\Autoloader\Autoloader.php(241): CodeIgniter\Autoloader\Autoloader->includeFile('C:\\wamp64\\www\\s...')
#1 C:\wamp64\www\symox_ci\system\Autoloader\Autoloader.php(219): CodeIgniter\Autoloader\Autoloader->loadInNamespace('App\\Controllers...')
#2 [internal function]: CodeIgniter\Autoloader\Autoloader->loadClass('App\\Controllers...')
#3 [internal function]: spl_autoload_call('App\\Controllers...')
#4 C:\wamp64\www\symox_ci\system\CodeIgniter.php(789): class_exists('\\App\\Controller...', true)
#5 C:\wamp64\www\symox_ci\system\CodeIgniter.php(397): CodeIgniter\CodeIgniter->startController()
#6 C:\wamp64\www\symox_ci\system\CodeIgniter.php(318): CodeIgniter\CodeIgniter->handleRequest(NULL, Object(Config\Cache), false)
#7 C:\wamp64\www\symox_ci\public\index.php(37): CodeIgniter\CodeIgniter->run()
#8 C:\wamp64\www\symox_ci\system\Commands\Server\rewrite.php(43): require_once('C:\\wamp64\\www\\s...')
#9 {main}
CRITICAL - 2021-12-04 04:30:32 --> syntax error, unexpected ';', expecting ']'
#0 C:\wamp64\www\symox_ci\system\Autoloader\Autoloader.php(241): CodeIgniter\Autoloader\Autoloader->includeFile('C:\\wamp64\\www\\s...')
#1 C:\wamp64\www\symox_ci\system\Autoloader\Autoloader.php(219): CodeIgniter\Autoloader\Autoloader->loadInNamespace('App\\Controllers...')
#2 [internal function]: CodeIgniter\Autoloader\Autoloader->loadClass('App\\Controllers...')
#3 [internal function]: spl_autoload_call('App\\Controllers...')
#4 C:\wamp64\www\symox_ci\system\CodeIgniter.php(789): class_exists('\\App\\Controller...', true)
#5 C:\wamp64\www\symox_ci\system\CodeIgniter.php(397): CodeIgniter\CodeIgniter->startController()
#6 C:\wamp64\www\symox_ci\system\CodeIgniter.php(318): CodeIgniter\CodeIgniter->handleRequest(NULL, Object(Config\Cache), false)
#7 C:\wamp64\www\symox_ci\public\index.php(37): CodeIgniter\CodeIgniter->run()
#8 C:\wamp64\www\symox_ci\system\Commands\Server\rewrite.php(43): require_once('C:\\wamp64\\www\\s...')
#9 {main}
