CRITICAL - 2023-10-27 00:59:25 --> Undefined variable $title_meta
#0 D:\symox-codeigniter-v1.0.0\Admin\app\Views\auth\login.php(5): CodeIgniter\Debug\Exceptions->errorHandler(2, 'Undefined varia...', 'D:\\symox-codeig...', 5)
#1 D:\symox-codeigniter-v1.0.0\Admin\system\View\View.php(214): include('D:\\symox-codeig...')
#2 D:\symox-codeigniter-v1.0.0\Admin\system\View\View.php(217): CodeIgniter\View\View->CodeIgniter\View\{closure}()
#3 D:\symox-codeigniter-v1.0.0\Admin\system\Common.php(1097): CodeIgniter\View\View->render('auth/login', Array, true)
#4 D:\symox-codeigniter-v1.0.0\Admin\app\Controllers\AuthController.php(166): view('auth/login', Array)
#5 D:\symox-codeigniter-v1.0.0\Admin\system\CodeIgniter.php(824): App\Controllers\AuthController->authCheck()
#6 D:\symox-codeigniter-v1.0.0\Admin\system\CodeIgniter.php(410): CodeIgniter\CodeIgniter->runController(Object(App\Controllers\AuthController))
#7 D:\symox-codeigniter-v1.0.0\Admin\system\CodeIgniter.php(318): CodeIgniter\CodeIgniter->handleRequest(NULL, Object(Config\Cache), false)
#8 D:\symox-codeigniter-v1.0.0\Admin\public\index.php(37): CodeIgniter\CodeIgniter->run()
#9 D:\symox-codeigniter-v1.0.0\Admin\system\Commands\Server\rewrite.php(43): require_once('D:\\symox-codeig...')
#10 {main}
CRITICAL - 2023-10-27 00:59:31 --> Undefined variable $title_meta
#0 D:\symox-codeigniter-v1.0.0\Admin\app\Views\auth\login.php(5): CodeIgniter\Debug\Exceptions->errorHandler(2, 'Undefined varia...', 'D:\\symox-codeig...', 5)
#1 D:\symox-codeigniter-v1.0.0\Admin\system\View\View.php(214): include('D:\\symox-codeig...')
#2 D:\symox-codeigniter-v1.0.0\Admin\system\View\View.php(217): CodeIgniter\View\View->CodeIgniter\View\{closure}()
#3 D:\symox-codeigniter-v1.0.0\Admin\system\Common.php(1097): CodeIgniter\View\View->render('auth/login', Array, true)
#4 D:\symox-codeigniter-v1.0.0\Admin\app\Controllers\AuthController.php(166): view('auth/login', Array)
#5 D:\symox-codeigniter-v1.0.0\Admin\system\CodeIgniter.php(824): App\Controllers\AuthController->authCheck()
#6 D:\symox-codeigniter-v1.0.0\Admin\system\CodeIgniter.php(410): CodeIgniter\CodeIgniter->runController(Object(App\Controllers\AuthController))
#7 D:\symox-codeigniter-v1.0.0\Admin\system\CodeIgniter.php(318): CodeIgniter\CodeIgniter->handleRequest(NULL, Object(Config\Cache), false)
#8 D:\symox-codeigniter-v1.0.0\Admin\public\index.php(37): CodeIgniter\CodeIgniter->run()
#9 D:\symox-codeigniter-v1.0.0\Admin\system\Commands\Server\rewrite.php(43): require_once('D:\\symox-codeig...')
#10 {main}
CRITICAL - 2023-10-27 01:00:07 --> Undefined variable $title_meta
#0 D:\symox-codeigniter-v1.0.0\Admin\app\Views\auth\login.php(5): CodeIgniter\Debug\Exceptions->errorHandler(2, 'Undefined varia...', 'D:\\symox-codeig...', 5)
#1 D:\symox-codeigniter-v1.0.0\Admin\system\View\View.php(214): include('D:\\symox-codeig...')
#2 D:\symox-codeigniter-v1.0.0\Admin\system\View\View.php(217): CodeIgniter\View\View->CodeIgniter\View\{closure}()
#3 D:\symox-codeigniter-v1.0.0\Admin\system\Common.php(1097): CodeIgniter\View\View->render('auth/login', Array, true)
#4 D:\symox-codeigniter-v1.0.0\Admin\app\Controllers\AuthController.php(166): view('auth/login', Array)
#5 D:\symox-codeigniter-v1.0.0\Admin\system\CodeIgniter.php(824): App\Controllers\AuthController->authCheck()
#6 D:\symox-codeigniter-v1.0.0\Admin\system\CodeIgniter.php(410): CodeIgniter\CodeIgniter->runController(Object(App\Controllers\AuthController))
#7 D:\symox-codeigniter-v1.0.0\Admin\system\CodeIgniter.php(318): CodeIgniter\CodeIgniter->handleRequest(NULL, Object(Config\Cache), false)
#8 D:\symox-codeigniter-v1.0.0\Admin\public\index.php(37): CodeIgniter\CodeIgniter->run()
#9 D:\symox-codeigniter-v1.0.0\Admin\system\Commands\Server\rewrite.php(43): require_once('D:\\symox-codeig...')
#10 {main}
CRITICAL - 2023-10-27 01:00:10 --> Undefined variable $title_meta
#0 D:\symox-codeigniter-v1.0.0\Admin\app\Views\auth\login.php(5): CodeIgniter\Debug\Exceptions->errorHandler(2, 'Undefined varia...', 'D:\\symox-codeig...', 5)
#1 D:\symox-codeigniter-v1.0.0\Admin\system\View\View.php(214): include('D:\\symox-codeig...')
#2 D:\symox-codeigniter-v1.0.0\Admin\system\View\View.php(217): CodeIgniter\View\View->CodeIgniter\View\{closure}()
#3 D:\symox-codeigniter-v1.0.0\Admin\system\Common.php(1097): CodeIgniter\View\View->render('auth/login', Array, true)
#4 D:\symox-codeigniter-v1.0.0\Admin\app\Controllers\AuthController.php(166): view('auth/login', Array)
#5 D:\symox-codeigniter-v1.0.0\Admin\system\CodeIgniter.php(824): App\Controllers\AuthController->authCheck()
#6 D:\symox-codeigniter-v1.0.0\Admin\system\CodeIgniter.php(410): CodeIgniter\CodeIgniter->runController(Object(App\Controllers\AuthController))
#7 D:\symox-codeigniter-v1.0.0\Admin\system\CodeIgniter.php(318): CodeIgniter\CodeIgniter->handleRequest(NULL, Object(Config\Cache), false)
#8 D:\symox-codeigniter-v1.0.0\Admin\public\index.php(37): CodeIgniter\CodeIgniter->run()
#9 D:\symox-codeigniter-v1.0.0\Admin\system\Commands\Server\rewrite.php(43): require_once('D:\\symox-codeig...')
#10 {main}
CRITICAL - 2023-10-27 02:13:15 --> Undefined variable $title_meta
#0 D:\symox-codeigniter-v1.0.0\Admin\app\Views\auth\login.php(5): CodeIgniter\Debug\Exceptions->errorHandler(2, 'Undefined varia...', 'D:\\symox-codeig...', 5)
#1 D:\symox-codeigniter-v1.0.0\Admin\system\View\View.php(214): include('D:\\symox-codeig...')
#2 D:\symox-codeigniter-v1.0.0\Admin\system\View\View.php(217): CodeIgniter\View\View->CodeIgniter\View\{closure}()
#3 D:\symox-codeigniter-v1.0.0\Admin\system\Common.php(1097): CodeIgniter\View\View->render('auth/login', Array, true)
#4 D:\symox-codeigniter-v1.0.0\Admin\app\Controllers\AuthController.php(166): view('auth/login', Array)
#5 D:\symox-codeigniter-v1.0.0\Admin\system\CodeIgniter.php(824): App\Controllers\AuthController->authCheck()
#6 D:\symox-codeigniter-v1.0.0\Admin\system\CodeIgniter.php(410): CodeIgniter\CodeIgniter->runController(Object(App\Controllers\AuthController))
#7 D:\symox-codeigniter-v1.0.0\Admin\system\CodeIgniter.php(318): CodeIgniter\CodeIgniter->handleRequest(NULL, Object(Config\Cache), false)
#8 D:\symox-codeigniter-v1.0.0\Admin\public\index.php(37): CodeIgniter\CodeIgniter->run()
#9 D:\symox-codeigniter-v1.0.0\Admin\system\Commands\Server\rewrite.php(43): require_once('D:\\symox-codeig...')
#10 {main}
