ERROR - 2022-01-08 05:16:40 --> Error connecting to the database: Access denied for user '****'@'172.19.0.1' (using password: NO)
CRITICAL - 2022-01-08 05:16:40 --> Unable to connect to the database.
Main connection [MySQLi]: Access denied for user '****'@'172.19.0.1' (using password: NO)
#0 C:\wamp64\www\symox_ci\system\Database\BaseConnection.php(577): CodeIgniter\Database\BaseConnection->initialize()
#1 C:\wamp64\www\symox_ci\system\Database\BaseBuilder.php(1443): CodeIgniter\Database\BaseConnection->query('SELECT 1\nFROM `...', Array, false)
#2 C:\wamp64\www\symox_ci\system\Validation\Rules.php(116): CodeIgniter\Database\BaseBuilder->get()
#3 C:\wamp64\www\symox_ci\system\Validation\Validation.php(277): CodeIgniter\Validation\Rules->is_not_unique('admin@themesbra...', 'email', Array, NULL)
#4 C:\wamp64\www\symox_ci\system\Validation\Validation.php(151): CodeIgniter\Validation\Validation->processRules('email', 'email', 'admin@themesbra...', Array, Array)
#5 C:\wamp64\www\symox_ci\system\Controller.php(160): CodeIgniter\Validation\Validation->run()
#6 C:\wamp64\www\symox_ci\app\Controllers\AuthController.php(157): CodeIgniter\Controller->validate(Array)
#7 C:\wamp64\www\symox_ci\system\CodeIgniter.php(824): App\Controllers\AuthController->authCheck()
#8 C:\wamp64\www\symox_ci\system\CodeIgniter.php(410): CodeIgniter\CodeIgniter->runController(Object(App\Controllers\AuthController))
#9 C:\wamp64\www\symox_ci\system\CodeIgniter.php(318): CodeIgniter\CodeIgniter->handleRequest(NULL, Object(Config\Cache), false)
#10 C:\wamp64\www\symox_ci\public\index.php(37): CodeIgniter\CodeIgniter->run()
#11 C:\wamp64\www\symox_ci\system\Commands\Server\rewrite.php(43): require_once('C:\\wamp64\\www\\s...')
#12 {main}
ERROR - 2022-01-08 05:16:45 --> Error connecting to the database: Access denied for user '****'@'172.19.0.1' (using password: NO)
CRITICAL - 2022-01-08 05:16:45 --> Unable to connect to the database.
Main connection [MySQLi]: Access denied for user '****'@'172.19.0.1' (using password: NO)
#0 C:\wamp64\www\symox_ci\system\Database\BaseConnection.php(577): CodeIgniter\Database\BaseConnection->initialize()
#1 C:\wamp64\www\symox_ci\system\Database\BaseBuilder.php(1443): CodeIgniter\Database\BaseConnection->query('SELECT 1\nFROM `...', Array, false)
#2 C:\wamp64\www\symox_ci\system\Validation\Rules.php(116): CodeIgniter\Database\BaseBuilder->get()
#3 C:\wamp64\www\symox_ci\system\Validation\Validation.php(277): CodeIgniter\Validation\Rules->is_not_unique('admin@themesbra...', 'email', Array, NULL)
#4 C:\wamp64\www\symox_ci\system\Validation\Validation.php(151): CodeIgniter\Validation\Validation->processRules('email', 'email', 'admin@themesbra...', Array, Array)
#5 C:\wamp64\www\symox_ci\system\Controller.php(160): CodeIgniter\Validation\Validation->run()
#6 C:\wamp64\www\symox_ci\app\Controllers\AuthController.php(157): CodeIgniter\Controller->validate(Array)
#7 C:\wamp64\www\symox_ci\system\CodeIgniter.php(824): App\Controllers\AuthController->authCheck()
#8 C:\wamp64\www\symox_ci\system\CodeIgniter.php(410): CodeIgniter\CodeIgniter->runController(Object(App\Controllers\AuthController))
#9 C:\wamp64\www\symox_ci\system\CodeIgniter.php(318): CodeIgniter\CodeIgniter->handleRequest(NULL, Object(Config\Cache), false)
#10 C:\wamp64\www\symox_ci\public\index.php(37): CodeIgniter\CodeIgniter->run()
#11 C:\wamp64\www\symox_ci\system\Commands\Server\rewrite.php(43): require_once('C:\\wamp64\\www\\s...')
#12 {main}
