CRITICAL - 2024-10-15 01:03:05 --> Undefined variable $title_meta
#0 C:\Users\Admin\Documents\Projects\admin templete\admin3\Admin\app\Views\auth\login.php(5): CodeIgniter\Debug\Exceptions->errorHandler()
#1 C:\Users\Admin\Documents\Projects\admin templete\admin3\Admin\system\View\View.php(214): include('...')
#2 C:\Users\Admin\Documents\Projects\admin templete\admin3\Admin\system\View\View.php(217): CodeIgniter\View\View->CodeIgniter\View\{closure}()
#3 C:\Users\Admin\Documents\Projects\admin templete\admin3\Admin\system\Common.php(1097): CodeIgniter\View\View->render()
#4 C:\Users\Admin\Documents\Projects\admin templete\admin3\Admin\app\Controllers\AuthController.php(18): view()
#5 C:\Users\Admin\Documents\Projects\admin templete\admin3\Admin\system\CodeIgniter.php(824): App\Controllers\AuthController->index()
#6 C:\Users\Admin\Documents\Projects\admin templete\admin3\Admin\system\CodeIgniter.php(410): CodeIgniter\CodeIgniter->runController()
#7 C:\Users\Admin\Documents\Projects\admin templete\admin3\Admin\system\CodeIgniter.php(318): CodeIgniter\CodeIgniter->handleRequest()
#8 C:\Users\Admin\Documents\Projects\admin templete\admin3\Admin\public\index.php(37): CodeIgniter\CodeIgniter->run()
#9 C:\Users\Admin\Documents\Projects\admin templete\admin3\Admin\system\Commands\Server\rewrite.php(43): require_once('...')
#10 {main}
CRITICAL - 2024-10-15 01:03:06 --> Undefined variable $title_meta
#0 C:\Users\Admin\Documents\Projects\admin templete\admin3\Admin\app\Views\auth\login.php(5): CodeIgniter\Debug\Exceptions->errorHandler()
#1 C:\Users\Admin\Documents\Projects\admin templete\admin3\Admin\system\View\View.php(214): include('...')
#2 C:\Users\Admin\Documents\Projects\admin templete\admin3\Admin\system\View\View.php(217): CodeIgniter\View\View->CodeIgniter\View\{closure}()
#3 C:\Users\Admin\Documents\Projects\admin templete\admin3\Admin\system\Common.php(1097): CodeIgniter\View\View->render()
#4 C:\Users\Admin\Documents\Projects\admin templete\admin3\Admin\app\Controllers\AuthController.php(18): view()
#5 C:\Users\Admin\Documents\Projects\admin templete\admin3\Admin\system\CodeIgniter.php(824): App\Controllers\AuthController->index()
#6 C:\Users\Admin\Documents\Projects\admin templete\admin3\Admin\system\CodeIgniter.php(410): CodeIgniter\CodeIgniter->runController()
#7 C:\Users\Admin\Documents\Projects\admin templete\admin3\Admin\system\CodeIgniter.php(318): CodeIgniter\CodeIgniter->handleRequest()
#8 C:\Users\Admin\Documents\Projects\admin templete\admin3\Admin\public\index.php(37): CodeIgniter\CodeIgniter->run()
#9 C:\Users\Admin\Documents\Projects\admin templete\admin3\Admin\system\Commands\Server\rewrite.php(43): require_once('...')
#10 {main}
CRITICAL - 2024-10-15 01:03:09 --> Undefined variable $title_meta
#0 C:\Users\Admin\Documents\Projects\admin templete\admin3\Admin\app\Views\auth\login.php(5): CodeIgniter\Debug\Exceptions->errorHandler()
#1 C:\Users\Admin\Documents\Projects\admin templete\admin3\Admin\system\View\View.php(214): include('...')
#2 C:\Users\Admin\Documents\Projects\admin templete\admin3\Admin\system\View\View.php(217): CodeIgniter\View\View->CodeIgniter\View\{closure}()
#3 C:\Users\Admin\Documents\Projects\admin templete\admin3\Admin\system\Common.php(1097): CodeIgniter\View\View->render()
#4 C:\Users\Admin\Documents\Projects\admin templete\admin3\Admin\app\Controllers\AuthController.php(18): view()
#5 C:\Users\Admin\Documents\Projects\admin templete\admin3\Admin\system\CodeIgniter.php(824): App\Controllers\AuthController->index()
#6 C:\Users\Admin\Documents\Projects\admin templete\admin3\Admin\system\CodeIgniter.php(410): CodeIgniter\CodeIgniter->runController()
#7 C:\Users\Admin\Documents\Projects\admin templete\admin3\Admin\system\CodeIgniter.php(318): CodeIgniter\CodeIgniter->handleRequest()
#8 C:\Users\Admin\Documents\Projects\admin templete\admin3\Admin\public\index.php(37): CodeIgniter\CodeIgniter->run()
#9 C:\Users\Admin\Documents\Projects\admin templete\admin3\Admin\system\Commands\Server\rewrite.php(43): require_once('...')
#10 {main}
CRITICAL - 2024-10-15 01:03:09 --> Undefined variable $title_meta
#0 C:\Users\Admin\Documents\Projects\admin templete\admin3\Admin\app\Views\auth\login.php(5): CodeIgniter\Debug\Exceptions->errorHandler()
#1 C:\Users\Admin\Documents\Projects\admin templete\admin3\Admin\system\View\View.php(214): include('...')
#2 C:\Users\Admin\Documents\Projects\admin templete\admin3\Admin\system\View\View.php(217): CodeIgniter\View\View->CodeIgniter\View\{closure}()
#3 C:\Users\Admin\Documents\Projects\admin templete\admin3\Admin\system\Common.php(1097): CodeIgniter\View\View->render()
#4 C:\Users\Admin\Documents\Projects\admin templete\admin3\Admin\app\Controllers\AuthController.php(18): view()
#5 C:\Users\Admin\Documents\Projects\admin templete\admin3\Admin\system\CodeIgniter.php(824): App\Controllers\AuthController->index()
#6 C:\Users\Admin\Documents\Projects\admin templete\admin3\Admin\system\CodeIgniter.php(410): CodeIgniter\CodeIgniter->runController()
#7 C:\Users\Admin\Documents\Projects\admin templete\admin3\Admin\system\CodeIgniter.php(318): CodeIgniter\CodeIgniter->handleRequest()
#8 C:\Users\Admin\Documents\Projects\admin templete\admin3\Admin\public\index.php(37): CodeIgniter\CodeIgniter->run()
#9 C:\Users\Admin\Documents\Projects\admin templete\admin3\Admin\system\Commands\Server\rewrite.php(43): require_once('...')
#10 {main}
CRITICAL - 2024-10-15 01:09:47 --> Undefined variable $page_title
#0 C:\Users\Admin\Documents\Projects\admin templete\admin3\Admin\app\Views\index.php(27): CodeIgniter\Debug\Exceptions->errorHandler()
#1 C:\Users\Admin\Documents\Projects\admin templete\admin3\Admin\system\View\View.php(214): include('...')
#2 C:\Users\Admin\Documents\Projects\admin templete\admin3\Admin\system\View\View.php(217): CodeIgniter\View\View->CodeIgniter\View\{closure}()
#3 C:\Users\Admin\Documents\Projects\admin templete\admin3\Admin\system\Common.php(1097): CodeIgniter\View\View->render()
#4 C:\Users\Admin\Documents\Projects\admin templete\admin3\Admin\app\Controllers\AuthController.php(17): view()
#5 C:\Users\Admin\Documents\Projects\admin templete\admin3\Admin\system\CodeIgniter.php(824): App\Controllers\AuthController->index()
#6 C:\Users\Admin\Documents\Projects\admin templete\admin3\Admin\system\CodeIgniter.php(410): CodeIgniter\CodeIgniter->runController()
#7 C:\Users\Admin\Documents\Projects\admin templete\admin3\Admin\system\CodeIgniter.php(318): CodeIgniter\CodeIgniter->handleRequest()
#8 C:\Users\Admin\Documents\Projects\admin templete\admin3\Admin\public\index.php(37): CodeIgniter\CodeIgniter->run()
#9 C:\Users\Admin\Documents\Projects\admin templete\admin3\Admin\system\Commands\Server\rewrite.php(43): require_once('...')
#10 {main}
CRITICAL - 2024-10-15 01:09:49 --> Undefined variable $page_title
#0 C:\Users\Admin\Documents\Projects\admin templete\admin3\Admin\app\Views\index.php(27): CodeIgniter\Debug\Exceptions->errorHandler()
#1 C:\Users\Admin\Documents\Projects\admin templete\admin3\Admin\system\View\View.php(214): include('...')
#2 C:\Users\Admin\Documents\Projects\admin templete\admin3\Admin\system\View\View.php(217): CodeIgniter\View\View->CodeIgniter\View\{closure}()
#3 C:\Users\Admin\Documents\Projects\admin templete\admin3\Admin\system\Common.php(1097): CodeIgniter\View\View->render()
#4 C:\Users\Admin\Documents\Projects\admin templete\admin3\Admin\app\Controllers\AuthController.php(17): view()
#5 C:\Users\Admin\Documents\Projects\admin templete\admin3\Admin\system\CodeIgniter.php(824): App\Controllers\AuthController->index()
#6 C:\Users\Admin\Documents\Projects\admin templete\admin3\Admin\system\CodeIgniter.php(410): CodeIgniter\CodeIgniter->runController()
#7 C:\Users\Admin\Documents\Projects\admin templete\admin3\Admin\system\CodeIgniter.php(318): CodeIgniter\CodeIgniter->handleRequest()
#8 C:\Users\Admin\Documents\Projects\admin templete\admin3\Admin\public\index.php(37): CodeIgniter\CodeIgniter->run()
#9 C:\Users\Admin\Documents\Projects\admin templete\admin3\Admin\system\Commands\Server\rewrite.php(43): require_once('...')
#10 {main}
CRITICAL - 2024-10-15 01:10:51 --> Undefined variable $title_meta
#0 C:\Users\Admin\Documents\Projects\admin templete\admin3\Admin\app\Views\auth\login.php(5): CodeIgniter\Debug\Exceptions->errorHandler()
#1 C:\Users\Admin\Documents\Projects\admin templete\admin3\Admin\system\View\View.php(214): include('...')
#2 C:\Users\Admin\Documents\Projects\admin templete\admin3\Admin\system\View\View.php(217): CodeIgniter\View\View->CodeIgniter\View\{closure}()
#3 C:\Users\Admin\Documents\Projects\admin templete\admin3\Admin\system\Common.php(1097): CodeIgniter\View\View->render()
#4 C:\Users\Admin\Documents\Projects\admin templete\admin3\Admin\app\Controllers\AuthController.php(171): view()
#5 C:\Users\Admin\Documents\Projects\admin templete\admin3\Admin\system\CodeIgniter.php(824): App\Controllers\AuthController->authCheck()
#6 C:\Users\Admin\Documents\Projects\admin templete\admin3\Admin\system\CodeIgniter.php(410): CodeIgniter\CodeIgniter->runController()
#7 C:\Users\Admin\Documents\Projects\admin templete\admin3\Admin\system\CodeIgniter.php(318): CodeIgniter\CodeIgniter->handleRequest()
#8 C:\Users\Admin\Documents\Projects\admin templete\admin3\Admin\public\index.php(37): CodeIgniter\CodeIgniter->run()
#9 C:\Users\Admin\Documents\Projects\admin templete\admin3\Admin\system\Commands\Server\rewrite.php(43): require_once('...')
#10 {main}
CRITICAL - 2024-10-15 01:38:04 --> Undefined variable $title_meta
#0 C:\Users\Admin\Documents\Projects\admin templete\admin3\Admin\app\Views\auth\login.php(5): CodeIgniter\Debug\Exceptions->errorHandler()
#1 C:\Users\Admin\Documents\Projects\admin templete\admin3\Admin\system\View\View.php(214): include('...')
#2 C:\Users\Admin\Documents\Projects\admin templete\admin3\Admin\system\View\View.php(217): CodeIgniter\View\View->CodeIgniter\View\{closure}()
#3 C:\Users\Admin\Documents\Projects\admin templete\admin3\Admin\system\Common.php(1097): CodeIgniter\View\View->render()
#4 C:\Users\Admin\Documents\Projects\admin templete\admin3\Admin\app\Controllers\AuthController.php(173): view()
#5 C:\Users\Admin\Documents\Projects\admin templete\admin3\Admin\system\CodeIgniter.php(824): App\Controllers\AuthController->authCheck()
#6 C:\Users\Admin\Documents\Projects\admin templete\admin3\Admin\system\CodeIgniter.php(410): CodeIgniter\CodeIgniter->runController()
#7 C:\Users\Admin\Documents\Projects\admin templete\admin3\Admin\system\CodeIgniter.php(318): CodeIgniter\CodeIgniter->handleRequest()
#8 C:\Users\Admin\Documents\Projects\admin templete\admin3\Admin\public\index.php(37): CodeIgniter\CodeIgniter->run()
#9 C:\Users\Admin\Documents\Projects\admin templete\admin3\Admin\system\Commands\Server\rewrite.php(43): require_once('...')
#10 {main}
CRITICAL - 2024-10-15 01:38:39 --> Undefined variable $title_meta
#0 C:\Users\Admin\Documents\Projects\admin templete\admin3\Admin\app\Views\auth\login.php(5): CodeIgniter\Debug\Exceptions->errorHandler()
#1 C:\Users\Admin\Documents\Projects\admin templete\admin3\Admin\system\View\View.php(214): include('...')
#2 C:\Users\Admin\Documents\Projects\admin templete\admin3\Admin\system\View\View.php(217): CodeIgniter\View\View->CodeIgniter\View\{closure}()
#3 C:\Users\Admin\Documents\Projects\admin templete\admin3\Admin\system\Common.php(1097): CodeIgniter\View\View->render()
#4 C:\Users\Admin\Documents\Projects\admin templete\admin3\Admin\app\Controllers\AuthController.php(173): view()
#5 C:\Users\Admin\Documents\Projects\admin templete\admin3\Admin\system\CodeIgniter.php(824): App\Controllers\AuthController->authCheck()
#6 C:\Users\Admin\Documents\Projects\admin templete\admin3\Admin\system\CodeIgniter.php(410): CodeIgniter\CodeIgniter->runController()
#7 C:\Users\Admin\Documents\Projects\admin templete\admin3\Admin\system\CodeIgniter.php(318): CodeIgniter\CodeIgniter->handleRequest()
#8 C:\Users\Admin\Documents\Projects\admin templete\admin3\Admin\public\index.php(37): CodeIgniter\CodeIgniter->run()
#9 C:\Users\Admin\Documents\Projects\admin templete\admin3\Admin\system\Commands\Server\rewrite.php(43): require_once('...')
#10 {main}
CRITICAL - 2024-10-15 01:38:41 --> Undefined variable $title_meta
#0 C:\Users\Admin\Documents\Projects\admin templete\admin3\Admin\app\Views\auth\login.php(5): CodeIgniter\Debug\Exceptions->errorHandler()
#1 C:\Users\Admin\Documents\Projects\admin templete\admin3\Admin\system\View\View.php(214): include('...')
#2 C:\Users\Admin\Documents\Projects\admin templete\admin3\Admin\system\View\View.php(217): CodeIgniter\View\View->CodeIgniter\View\{closure}()
#3 C:\Users\Admin\Documents\Projects\admin templete\admin3\Admin\system\Common.php(1097): CodeIgniter\View\View->render()
#4 C:\Users\Admin\Documents\Projects\admin templete\admin3\Admin\app\Controllers\AuthController.php(173): view()
#5 C:\Users\Admin\Documents\Projects\admin templete\admin3\Admin\system\CodeIgniter.php(824): App\Controllers\AuthController->authCheck()
#6 C:\Users\Admin\Documents\Projects\admin templete\admin3\Admin\system\CodeIgniter.php(410): CodeIgniter\CodeIgniter->runController()
#7 C:\Users\Admin\Documents\Projects\admin templete\admin3\Admin\system\CodeIgniter.php(318): CodeIgniter\CodeIgniter->handleRequest()
#8 C:\Users\Admin\Documents\Projects\admin templete\admin3\Admin\public\index.php(37): CodeIgniter\CodeIgniter->run()
#9 C:\Users\Admin\Documents\Projects\admin templete\admin3\Admin\system\Commands\Server\rewrite.php(43): require_once('...')
#10 {main}
CRITICAL - 2024-10-15 02:02:04 --> Invalid file: /.php
#0 C:\Users\Admin\Documents\Projects\admin templete\admin3\Admin\system\View\View.php(198): CodeIgniter\Exceptions\FrameworkException::forInvalidFile()
#1 C:\Users\Admin\Documents\Projects\admin templete\admin3\Admin\system\Common.php(1097): CodeIgniter\View\View->render()
#2 C:\Users\Admin\Documents\Projects\admin templete\admin3\Admin\app\Controllers\AuthController.php(160): view()
#3 C:\Users\Admin\Documents\Projects\admin templete\admin3\Admin\system\CodeIgniter.php(824): App\Controllers\AuthController->authCheck()
#4 C:\Users\Admin\Documents\Projects\admin templete\admin3\Admin\system\CodeIgniter.php(410): CodeIgniter\CodeIgniter->runController()
#5 C:\Users\Admin\Documents\Projects\admin templete\admin3\Admin\system\CodeIgniter.php(318): CodeIgniter\CodeIgniter->handleRequest()
#6 C:\Users\Admin\Documents\Projects\admin templete\admin3\Admin\public\index.php(37): CodeIgniter\CodeIgniter->run()
#7 C:\Users\Admin\Documents\Projects\admin templete\admin3\Admin\system\Commands\Server\rewrite.php(43): require_once('...')
#8 {main}
CRITICAL - 2024-10-15 02:02:13 --> Invalid file: /.php
#0 C:\Users\Admin\Documents\Projects\admin templete\admin3\Admin\system\View\View.php(198): CodeIgniter\Exceptions\FrameworkException::forInvalidFile()
#1 C:\Users\Admin\Documents\Projects\admin templete\admin3\Admin\system\Common.php(1097): CodeIgniter\View\View->render()
#2 C:\Users\Admin\Documents\Projects\admin templete\admin3\Admin\app\Controllers\AuthController.php(160): view()
#3 C:\Users\Admin\Documents\Projects\admin templete\admin3\Admin\system\CodeIgniter.php(824): App\Controllers\AuthController->authCheck()
#4 C:\Users\Admin\Documents\Projects\admin templete\admin3\Admin\system\CodeIgniter.php(410): CodeIgniter\CodeIgniter->runController()
#5 C:\Users\Admin\Documents\Projects\admin templete\admin3\Admin\system\CodeIgniter.php(318): CodeIgniter\CodeIgniter->handleRequest()
#6 C:\Users\Admin\Documents\Projects\admin templete\admin3\Admin\public\index.php(37): CodeIgniter\CodeIgniter->run()
#7 C:\Users\Admin\Documents\Projects\admin templete\admin3\Admin\system\Commands\Server\rewrite.php(43): require_once('...')
#8 {main}
CRITICAL - 2024-10-15 02:04:43 --> admin@themesdesign.in is not a valid rule.
#0 C:\Users\Admin\Documents\Projects\admin templete\admin3\Admin\system\Validation\Validation.php(285): CodeIgniter\Validation\Exceptions\ValidationException::forRuleNotFound()
#1 C:\Users\Admin\Documents\Projects\admin templete\admin3\Admin\system\Validation\Validation.php(151): CodeIgniter\Validation\Validation->processRules()
#2 C:\Users\Admin\Documents\Projects\admin templete\admin3\Admin\system\Controller.php(160): CodeIgniter\Validation\Validation->run()
#3 C:\Users\Admin\Documents\Projects\admin templete\admin3\Admin\app\Controllers\AuthController.php(161): CodeIgniter\Controller->validate()
#4 C:\Users\Admin\Documents\Projects\admin templete\admin3\Admin\system\CodeIgniter.php(824): App\Controllers\AuthController->authCheck()
#5 C:\Users\Admin\Documents\Projects\admin templete\admin3\Admin\system\CodeIgniter.php(410): CodeIgniter\CodeIgniter->runController()
#6 C:\Users\Admin\Documents\Projects\admin templete\admin3\Admin\system\CodeIgniter.php(318): CodeIgniter\CodeIgniter->handleRequest()
#7 C:\Users\Admin\Documents\Projects\admin templete\admin3\Admin\public\index.php(37): CodeIgniter\CodeIgniter->run()
#8 C:\Users\Admin\Documents\Projects\admin templete\admin3\Admin\system\Commands\Server\rewrite.php(43): require_once('...')
#9 {main}
CRITICAL - 2024-10-15 02:04:46 --> admin@themesdesign.in is not a valid rule.
#0 C:\Users\Admin\Documents\Projects\admin templete\admin3\Admin\system\Validation\Validation.php(285): CodeIgniter\Validation\Exceptions\ValidationException::forRuleNotFound()
#1 C:\Users\Admin\Documents\Projects\admin templete\admin3\Admin\system\Validation\Validation.php(151): CodeIgniter\Validation\Validation->processRules()
#2 C:\Users\Admin\Documents\Projects\admin templete\admin3\Admin\system\Controller.php(160): CodeIgniter\Validation\Validation->run()
#3 C:\Users\Admin\Documents\Projects\admin templete\admin3\Admin\app\Controllers\AuthController.php(161): CodeIgniter\Controller->validate()
#4 C:\Users\Admin\Documents\Projects\admin templete\admin3\Admin\system\CodeIgniter.php(824): App\Controllers\AuthController->authCheck()
#5 C:\Users\Admin\Documents\Projects\admin templete\admin3\Admin\system\CodeIgniter.php(410): CodeIgniter\CodeIgniter->runController()
#6 C:\Users\Admin\Documents\Projects\admin templete\admin3\Admin\system\CodeIgniter.php(318): CodeIgniter\CodeIgniter->handleRequest()
#7 C:\Users\Admin\Documents\Projects\admin templete\admin3\Admin\public\index.php(37): CodeIgniter\CodeIgniter->run()
#8 C:\Users\Admin\Documents\Projects\admin templete\admin3\Admin\system\Commands\Server\rewrite.php(43): require_once('...')
#9 {main}
CRITICAL - 2024-10-15 02:04:50 --> admin@themesdesign.in is not a valid rule.
#0 C:\Users\Admin\Documents\Projects\admin templete\admin3\Admin\system\Validation\Validation.php(285): CodeIgniter\Validation\Exceptions\ValidationException::forRuleNotFound()
#1 C:\Users\Admin\Documents\Projects\admin templete\admin3\Admin\system\Validation\Validation.php(151): CodeIgniter\Validation\Validation->processRules()
#2 C:\Users\Admin\Documents\Projects\admin templete\admin3\Admin\system\Controller.php(160): CodeIgniter\Validation\Validation->run()
#3 C:\Users\Admin\Documents\Projects\admin templete\admin3\Admin\app\Controllers\AuthController.php(161): CodeIgniter\Controller->validate()
#4 C:\Users\Admin\Documents\Projects\admin templete\admin3\Admin\system\CodeIgniter.php(824): App\Controllers\AuthController->authCheck()
#5 C:\Users\Admin\Documents\Projects\admin templete\admin3\Admin\system\CodeIgniter.php(410): CodeIgniter\CodeIgniter->runController()
#6 C:\Users\Admin\Documents\Projects\admin templete\admin3\Admin\system\CodeIgniter.php(318): CodeIgniter\CodeIgniter->handleRequest()
#7 C:\Users\Admin\Documents\Projects\admin templete\admin3\Admin\public\index.php(37): CodeIgniter\CodeIgniter->run()
#8 C:\Users\Admin\Documents\Projects\admin templete\admin3\Admin\system\Commands\Server\rewrite.php(43): require_once('...')
#9 {main}
CRITICAL - 2024-10-15 02:06:07 --> admin@themesdesign.in is not a valid rule.
#0 C:\Users\Admin\Documents\Projects\admin templete\admin3\Admin\system\Validation\Validation.php(285): CodeIgniter\Validation\Exceptions\ValidationException::forRuleNotFound()
#1 C:\Users\Admin\Documents\Projects\admin templete\admin3\Admin\system\Validation\Validation.php(151): CodeIgniter\Validation\Validation->processRules()
#2 C:\Users\Admin\Documents\Projects\admin templete\admin3\Admin\system\Controller.php(160): CodeIgniter\Validation\Validation->run()
#3 C:\Users\Admin\Documents\Projects\admin templete\admin3\Admin\app\Controllers\AuthController.php(161): CodeIgniter\Controller->validate()
#4 C:\Users\Admin\Documents\Projects\admin templete\admin3\Admin\system\CodeIgniter.php(824): App\Controllers\AuthController->authCheck()
#5 C:\Users\Admin\Documents\Projects\admin templete\admin3\Admin\system\CodeIgniter.php(410): CodeIgniter\CodeIgniter->runController()
#6 C:\Users\Admin\Documents\Projects\admin templete\admin3\Admin\system\CodeIgniter.php(318): CodeIgniter\CodeIgniter->handleRequest()
#7 C:\Users\Admin\Documents\Projects\admin templete\admin3\Admin\public\index.php(37): CodeIgniter\CodeIgniter->run()
#8 C:\Users\Admin\Documents\Projects\admin templete\admin3\Admin\system\Commands\Server\rewrite.php(43): require_once('...')
#9 {main}
CRITICAL - 2024-10-15 02:06:10 --> admin@themesdesign.in is not a valid rule.
#0 C:\Users\Admin\Documents\Projects\admin templete\admin3\Admin\system\Validation\Validation.php(285): CodeIgniter\Validation\Exceptions\ValidationException::forRuleNotFound()
#1 C:\Users\Admin\Documents\Projects\admin templete\admin3\Admin\system\Validation\Validation.php(151): CodeIgniter\Validation\Validation->processRules()
#2 C:\Users\Admin\Documents\Projects\admin templete\admin3\Admin\system\Controller.php(160): CodeIgniter\Validation\Validation->run()
#3 C:\Users\Admin\Documents\Projects\admin templete\admin3\Admin\app\Controllers\AuthController.php(161): CodeIgniter\Controller->validate()
#4 C:\Users\Admin\Documents\Projects\admin templete\admin3\Admin\system\CodeIgniter.php(824): App\Controllers\AuthController->authCheck()
#5 C:\Users\Admin\Documents\Projects\admin templete\admin3\Admin\system\CodeIgniter.php(410): CodeIgniter\CodeIgniter->runController()
#6 C:\Users\Admin\Documents\Projects\admin templete\admin3\Admin\system\CodeIgniter.php(318): CodeIgniter\CodeIgniter->handleRequest()
#7 C:\Users\Admin\Documents\Projects\admin templete\admin3\Admin\public\index.php(37): CodeIgniter\CodeIgniter->run()
#8 C:\Users\Admin\Documents\Projects\admin templete\admin3\Admin\system\Commands\Server\rewrite.php(43): require_once('...')
#9 {main}
