CRITICAL - 2021-11-27 03:57:28 --> Invalid file: auth/login.php
#0 C:\wamp64\www\symox_ci\system\View\View.php(198): CodeIgniter\Exceptions\FrameworkException::forInvalidFile('auth/login.php')
#1 C:\wamp64\www\symox_ci\system\Common.php(1097): CodeIgniter\View\View->render('auth/login', Array, true)
#2 C:\wamp64\www\symox_ci\app\Controllers\AuthController.php(9): view('auth/login')
#3 C:\wamp64\www\symox_ci\system\CodeIgniter.php(824): App\Controllers\AuthController->index()
#4 C:\wamp64\www\symox_ci\system\CodeIgniter.php(410): CodeIgniter\CodeIgniter->runController(Object(App\Controllers\AuthController))
#5 C:\wamp64\www\symox_ci\system\CodeIgniter.php(318): CodeIgniter\CodeIgniter->handleRequest(NULL, Object(Config\Cache), false)
#6 C:\wamp64\www\symox_ci\public\index.php(37): CodeIgniter\CodeIgniter->run()
#7 C:\wamp64\www\symox_ci\system\Commands\Server\rewrite.php(43): require_once('C:\\wamp64\\www\\s...')
#8 {main}
CRITICAL - 2021-11-27 03:58:06 --> Invalid file: auth/login.php
#0 C:\wamp64\www\symox_ci\system\View\View.php(198): CodeIgniter\Exceptions\FrameworkException::forInvalidFile('auth/login.php')
#1 C:\wamp64\www\symox_ci\system\Common.php(1097): CodeIgniter\View\View->render('auth/login', Array, true)
#2 C:\wamp64\www\symox_ci\app\Controllers\AuthController.php(9): view('auth/login')
#3 C:\wamp64\www\symox_ci\system\CodeIgniter.php(824): App\Controllers\AuthController->index()
#4 C:\wamp64\www\symox_ci\system\CodeIgniter.php(410): CodeIgniter\CodeIgniter->runController(Object(App\Controllers\AuthController))
#5 C:\wamp64\www\symox_ci\system\CodeIgniter.php(318): CodeIgniter\CodeIgniter->handleRequest(NULL, Object(Config\Cache), false)
#6 C:\wamp64\www\symox_ci\public\index.php(37): CodeIgniter\CodeIgniter->run()
#7 C:\wamp64\www\symox_ci\system\Commands\Server\rewrite.php(43): require_once('C:\\wamp64\\www\\s...')
#8 {main}
CRITICAL - 2021-11-27 03:58:07 --> Invalid file: auth/login.php
#0 C:\wamp64\www\symox_ci\system\View\View.php(198): CodeIgniter\Exceptions\FrameworkException::forInvalidFile('auth/login.php')
#1 C:\wamp64\www\symox_ci\system\Common.php(1097): CodeIgniter\View\View->render('auth/login', Array, true)
#2 C:\wamp64\www\symox_ci\app\Controllers\AuthController.php(9): view('auth/login')
#3 C:\wamp64\www\symox_ci\system\CodeIgniter.php(824): App\Controllers\AuthController->index()
#4 C:\wamp64\www\symox_ci\system\CodeIgniter.php(410): CodeIgniter\CodeIgniter->runController(Object(App\Controllers\AuthController))
#5 C:\wamp64\www\symox_ci\system\CodeIgniter.php(318): CodeIgniter\CodeIgniter->handleRequest(NULL, Object(Config\Cache), false)
#6 C:\wamp64\www\symox_ci\public\index.php(37): CodeIgniter\CodeIgniter->run()
#7 C:\wamp64\www\symox_ci\system\Commands\Server\rewrite.php(43): require_once('C:\\wamp64\\www\\s...')
#8 {main}
CRITICAL - 2021-11-27 03:58:07 --> Invalid file: auth/login.php
#0 C:\wamp64\www\symox_ci\system\View\View.php(198): CodeIgniter\Exceptions\FrameworkException::forInvalidFile('auth/login.php')
#1 C:\wamp64\www\symox_ci\system\Common.php(1097): CodeIgniter\View\View->render('auth/login', Array, true)
#2 C:\wamp64\www\symox_ci\app\Controllers\AuthController.php(9): view('auth/login')
#3 C:\wamp64\www\symox_ci\system\CodeIgniter.php(824): App\Controllers\AuthController->index()
#4 C:\wamp64\www\symox_ci\system\CodeIgniter.php(410): CodeIgniter\CodeIgniter->runController(Object(App\Controllers\AuthController))
#5 C:\wamp64\www\symox_ci\system\CodeIgniter.php(318): CodeIgniter\CodeIgniter->handleRequest(NULL, Object(Config\Cache), false)
#6 C:\wamp64\www\symox_ci\public\index.php(37): CodeIgniter\CodeIgniter->run()
#7 C:\wamp64\www\symox_ci\system\Commands\Server\rewrite.php(43): require_once('C:\\wamp64\\www\\s...')
#8 {main}
CRITICAL - 2021-11-27 03:58:07 --> Invalid file: auth/login.php
#0 C:\wamp64\www\symox_ci\system\View\View.php(198): CodeIgniter\Exceptions\FrameworkException::forInvalidFile('auth/login.php')
#1 C:\wamp64\www\symox_ci\system\Common.php(1097): CodeIgniter\View\View->render('auth/login', Array, true)
#2 C:\wamp64\www\symox_ci\app\Controllers\AuthController.php(9): view('auth/login')
#3 C:\wamp64\www\symox_ci\system\CodeIgniter.php(824): App\Controllers\AuthController->index()
#4 C:\wamp64\www\symox_ci\system\CodeIgniter.php(410): CodeIgniter\CodeIgniter->runController(Object(App\Controllers\AuthController))
#5 C:\wamp64\www\symox_ci\system\CodeIgniter.php(318): CodeIgniter\CodeIgniter->handleRequest(NULL, Object(Config\Cache), false)
#6 C:\wamp64\www\symox_ci\public\index.php(37): CodeIgniter\CodeIgniter->run()
#7 C:\wamp64\www\symox_ci\system\Commands\Server\rewrite.php(43): require_once('C:\\wamp64\\www\\s...')
#8 {main}
CRITICAL - 2021-11-27 03:58:17 --> Invalid file: auth/login.php
#0 C:\wamp64\www\symox_ci\system\View\View.php(198): CodeIgniter\Exceptions\FrameworkException::forInvalidFile('auth/login.php')
#1 C:\wamp64\www\symox_ci\system\Common.php(1097): CodeIgniter\View\View->render('auth/login', Array, true)
#2 C:\wamp64\www\symox_ci\app\Controllers\AuthController.php(9): view('auth/login')
#3 C:\wamp64\www\symox_ci\system\CodeIgniter.php(824): App\Controllers\AuthController->index()
#4 C:\wamp64\www\symox_ci\system\CodeIgniter.php(410): CodeIgniter\CodeIgniter->runController(Object(App\Controllers\AuthController))
#5 C:\wamp64\www\symox_ci\system\CodeIgniter.php(318): CodeIgniter\CodeIgniter->handleRequest(NULL, Object(Config\Cache), false)
#6 C:\wamp64\www\symox_ci\public\index.php(37): CodeIgniter\CodeIgniter->run()
#7 C:\wamp64\www\symox_ci\system\Commands\Server\rewrite.php(43): require_once('C:\\wamp64\\www\\s...')
#8 {main}
CRITICAL - 2021-11-27 03:59:09 --> Invalid file: auth/login.php
#0 C:\wamp64\www\symox_ci\system\View\View.php(198): CodeIgniter\Exceptions\FrameworkException::forInvalidFile('auth/login.php')
#1 C:\wamp64\www\symox_ci\system\Common.php(1097): CodeIgniter\View\View->render('auth/login', Array, true)
#2 C:\wamp64\www\symox_ci\app\Controllers\AuthController.php(9): view('auth/login')
#3 C:\wamp64\www\symox_ci\system\CodeIgniter.php(824): App\Controllers\AuthController->index()
#4 C:\wamp64\www\symox_ci\system\CodeIgniter.php(410): CodeIgniter\CodeIgniter->runController(Object(App\Controllers\AuthController))
#5 C:\wamp64\www\symox_ci\system\CodeIgniter.php(318): CodeIgniter\CodeIgniter->handleRequest(NULL, Object(Config\Cache), false)
#6 C:\wamp64\www\symox_ci\public\index.php(37): CodeIgniter\CodeIgniter->run()
#7 C:\wamp64\www\symox_ci\system\Commands\Server\rewrite.php(43): require_once('C:\\wamp64\\www\\s...')
#8 {main}
CRITICAL - 2021-11-27 04:35:14 --> Call to undefined function display_errors()
#0 C:\wamp64\www\symox_ci\system\View\View.php(214): include()
#1 C:\wamp64\www\symox_ci\system\View\View.php(217): CodeIgniter\View\View->CodeIgniter\View\{closure}()
#2 C:\wamp64\www\symox_ci\system\Common.php(1097): CodeIgniter\View\View->render('auth/login', Array, true)
#3 C:\wamp64\www\symox_ci\app\Controllers\AuthController.php(26): view('auth/login', Array)
#4 C:\wamp64\www\symox_ci\system\CodeIgniter.php(824): App\Controllers\AuthController->authCheck()
#5 C:\wamp64\www\symox_ci\system\CodeIgniter.php(410): CodeIgniter\CodeIgniter->runController(Object(App\Controllers\AuthController))
#6 C:\wamp64\www\symox_ci\system\CodeIgniter.php(318): CodeIgniter\CodeIgniter->handleRequest(NULL, Object(Config\Cache), false)
#7 C:\wamp64\www\symox_ci\public\index.php(37): CodeIgniter\CodeIgniter->run()
#8 C:\wamp64\www\symox_ci\system\Commands\Server\rewrite.php(43): require_once('C:\\wamp64\\www\\s...')
#9 {main}
CRITICAL - 2021-11-27 04:35:48 --> Call to undefined function display_error()
#0 C:\wamp64\www\symox_ci\system\View\View.php(214): include()
#1 C:\wamp64\www\symox_ci\system\View\View.php(217): CodeIgniter\View\View->CodeIgniter\View\{closure}()
#2 C:\wamp64\www\symox_ci\system\Common.php(1097): CodeIgniter\View\View->render('auth/login', Array, true)
#3 C:\wamp64\www\symox_ci\app\Controllers\AuthController.php(26): view('auth/login', Array)
#4 C:\wamp64\www\symox_ci\system\CodeIgniter.php(824): App\Controllers\AuthController->authCheck()
#5 C:\wamp64\www\symox_ci\system\CodeIgniter.php(410): CodeIgniter\CodeIgniter->runController(Object(App\Controllers\AuthController))
#6 C:\wamp64\www\symox_ci\system\CodeIgniter.php(318): CodeIgniter\CodeIgniter->handleRequest(NULL, Object(Config\Cache), false)
#7 C:\wamp64\www\symox_ci\public\index.php(37): CodeIgniter\CodeIgniter->run()
#8 C:\wamp64\www\symox_ci\system\Commands\Server\rewrite.php(43): require_once('C:\\wamp64\\www\\s...')
#9 {main}
CRITICAL - 2021-11-27 04:40:23 --> Call to undefined function set_value()
#0 C:\wamp64\www\symox_ci\system\View\View.php(214): include()
#1 C:\wamp64\www\symox_ci\system\View\View.php(217): CodeIgniter\View\View->CodeIgniter\View\{closure}()
#2 C:\wamp64\www\symox_ci\system\Common.php(1097): CodeIgniter\View\View->render('auth/login', Array, true)
#3 C:\wamp64\www\symox_ci\app\Controllers\AuthController.php(15): view('auth/login', Array)
#4 C:\wamp64\www\symox_ci\system\CodeIgniter.php(824): App\Controllers\AuthController->index()
#5 C:\wamp64\www\symox_ci\system\CodeIgniter.php(410): CodeIgniter\CodeIgniter->runController(Object(App\Controllers\AuthController))
#6 C:\wamp64\www\symox_ci\system\CodeIgniter.php(318): CodeIgniter\CodeIgniter->handleRequest(NULL, Object(Config\Cache), false)
#7 C:\wamp64\www\symox_ci\public\index.php(37): CodeIgniter\CodeIgniter->run()
#8 C:\wamp64\www\symox_ci\system\Commands\Server\rewrite.php(43): require_once('C:\\wamp64\\www\\s...')
#9 {main}
CRITICAL - 2021-11-27 04:40:24 --> Call to undefined function set_value()
#0 C:\wamp64\www\symox_ci\system\View\View.php(214): include()
#1 C:\wamp64\www\symox_ci\system\View\View.php(217): CodeIgniter\View\View->CodeIgniter\View\{closure}()
#2 C:\wamp64\www\symox_ci\system\Common.php(1097): CodeIgniter\View\View->render('auth/login', Array, true)
#3 C:\wamp64\www\symox_ci\app\Controllers\AuthController.php(15): view('auth/login', Array)
#4 C:\wamp64\www\symox_ci\system\CodeIgniter.php(824): App\Controllers\AuthController->index()
#5 C:\wamp64\www\symox_ci\system\CodeIgniter.php(410): CodeIgniter\CodeIgniter->runController(Object(App\Controllers\AuthController))
#6 C:\wamp64\www\symox_ci\system\CodeIgniter.php(318): CodeIgniter\CodeIgniter->handleRequest(NULL, Object(Config\Cache), false)
#7 C:\wamp64\www\symox_ci\public\index.php(37): CodeIgniter\CodeIgniter->run()
#8 C:\wamp64\www\symox_ci\system\Commands\Server\rewrite.php(43): require_once('C:\\wamp64\\www\\s...')
#9 {main}
CRITICAL - 2021-11-27 04:40:25 --> Call to undefined function set_value()
#0 C:\wamp64\www\symox_ci\system\View\View.php(214): include()
#1 C:\wamp64\www\symox_ci\system\View\View.php(217): CodeIgniter\View\View->CodeIgniter\View\{closure}()
#2 C:\wamp64\www\symox_ci\system\Common.php(1097): CodeIgniter\View\View->render('auth/login', Array, true)
#3 C:\wamp64\www\symox_ci\app\Controllers\AuthController.php(15): view('auth/login', Array)
#4 C:\wamp64\www\symox_ci\system\CodeIgniter.php(824): App\Controllers\AuthController->index()
#5 C:\wamp64\www\symox_ci\system\CodeIgniter.php(410): CodeIgniter\CodeIgniter->runController(Object(App\Controllers\AuthController))
#6 C:\wamp64\www\symox_ci\system\CodeIgniter.php(318): CodeIgniter\CodeIgniter->handleRequest(NULL, Object(Config\Cache), false)
#7 C:\wamp64\www\symox_ci\public\index.php(37): CodeIgniter\CodeIgniter->run()
#8 C:\wamp64\www\symox_ci\system\Commands\Server\rewrite.php(43): require_once('C:\\wamp64\\www\\s...')
#9 {main}
CRITICAL - 2021-11-27 04:40:26 --> Call to undefined function set_value()
#0 C:\wamp64\www\symox_ci\system\View\View.php(214): include()
#1 C:\wamp64\www\symox_ci\system\View\View.php(217): CodeIgniter\View\View->CodeIgniter\View\{closure}()
#2 C:\wamp64\www\symox_ci\system\Common.php(1097): CodeIgniter\View\View->render('auth/login', Array, true)
#3 C:\wamp64\www\symox_ci\app\Controllers\AuthController.php(15): view('auth/login', Array)
#4 C:\wamp64\www\symox_ci\system\CodeIgniter.php(824): App\Controllers\AuthController->index()
#5 C:\wamp64\www\symox_ci\system\CodeIgniter.php(410): CodeIgniter\CodeIgniter->runController(Object(App\Controllers\AuthController))
#6 C:\wamp64\www\symox_ci\system\CodeIgniter.php(318): CodeIgniter\CodeIgniter->handleRequest(NULL, Object(Config\Cache), false)
#7 C:\wamp64\www\symox_ci\public\index.php(37): CodeIgniter\CodeIgniter->run()
#8 C:\wamp64\www\symox_ci\system\Commands\Server\rewrite.php(43): require_once('C:\\wamp64\\www\\s...')
#9 {main}
CRITICAL - 2021-11-27 04:40:26 --> Call to undefined function set_value()
#0 C:\wamp64\www\symox_ci\system\View\View.php(214): include()
#1 C:\wamp64\www\symox_ci\system\View\View.php(217): CodeIgniter\View\View->CodeIgniter\View\{closure}()
#2 C:\wamp64\www\symox_ci\system\Common.php(1097): CodeIgniter\View\View->render('auth/login', Array, true)
#3 C:\wamp64\www\symox_ci\app\Controllers\AuthController.php(15): view('auth/login', Array)
#4 C:\wamp64\www\symox_ci\system\CodeIgniter.php(824): App\Controllers\AuthController->index()
#5 C:\wamp64\www\symox_ci\system\CodeIgniter.php(410): CodeIgniter\CodeIgniter->runController(Object(App\Controllers\AuthController))
#6 C:\wamp64\www\symox_ci\system\CodeIgniter.php(318): CodeIgniter\CodeIgniter->handleRequest(NULL, Object(Config\Cache), false)
#7 C:\wamp64\www\symox_ci\public\index.php(37): CodeIgniter\CodeIgniter->run()
#8 C:\wamp64\www\symox_ci\system\Commands\Server\rewrite.php(43): require_once('C:\\wamp64\\www\\s...')
#9 {main}
CRITICAL - 2021-11-27 04:40:27 --> Call to undefined function set_value()
#0 C:\wamp64\www\symox_ci\system\View\View.php(214): include()
#1 C:\wamp64\www\symox_ci\system\View\View.php(217): CodeIgniter\View\View->CodeIgniter\View\{closure}()
#2 C:\wamp64\www\symox_ci\system\Common.php(1097): CodeIgniter\View\View->render('auth/login', Array, true)
#3 C:\wamp64\www\symox_ci\app\Controllers\AuthController.php(15): view('auth/login', Array)
#4 C:\wamp64\www\symox_ci\system\CodeIgniter.php(824): App\Controllers\AuthController->index()
#5 C:\wamp64\www\symox_ci\system\CodeIgniter.php(410): CodeIgniter\CodeIgniter->runController(Object(App\Controllers\AuthController))
#6 C:\wamp64\www\symox_ci\system\CodeIgniter.php(318): CodeIgniter\CodeIgniter->handleRequest(NULL, Object(Config\Cache), false)
#7 C:\wamp64\www\symox_ci\public\index.php(37): CodeIgniter\CodeIgniter->run()
#8 C:\wamp64\www\symox_ci\system\Commands\Server\rewrite.php(43): require_once('C:\\wamp64\\www\\s...')
#9 {main}
CRITICAL - 2021-11-27 04:40:27 --> Call to undefined function set_value()
#0 C:\wamp64\www\symox_ci\system\View\View.php(214): include()
#1 C:\wamp64\www\symox_ci\system\View\View.php(217): CodeIgniter\View\View->CodeIgniter\View\{closure}()
#2 C:\wamp64\www\symox_ci\system\Common.php(1097): CodeIgniter\View\View->render('auth/login', Array, true)
#3 C:\wamp64\www\symox_ci\app\Controllers\AuthController.php(15): view('auth/login', Array)
#4 C:\wamp64\www\symox_ci\system\CodeIgniter.php(824): App\Controllers\AuthController->index()
#5 C:\wamp64\www\symox_ci\system\CodeIgniter.php(410): CodeIgniter\CodeIgniter->runController(Object(App\Controllers\AuthController))
#6 C:\wamp64\www\symox_ci\system\CodeIgniter.php(318): CodeIgniter\CodeIgniter->handleRequest(NULL, Object(Config\Cache), false)
#7 C:\wamp64\www\symox_ci\public\index.php(37): CodeIgniter\CodeIgniter->run()
#8 C:\wamp64\www\symox_ci\system\Commands\Server\rewrite.php(43): require_once('C:\\wamp64\\www\\s...')
#9 {main}
CRITICAL - 2021-11-27 04:40:27 --> Call to undefined function set_value()
#0 C:\wamp64\www\symox_ci\system\View\View.php(214): include()
#1 C:\wamp64\www\symox_ci\system\View\View.php(217): CodeIgniter\View\View->CodeIgniter\View\{closure}()
#2 C:\wamp64\www\symox_ci\system\Common.php(1097): CodeIgniter\View\View->render('auth/login', Array, true)
#3 C:\wamp64\www\symox_ci\app\Controllers\AuthController.php(15): view('auth/login', Array)
#4 C:\wamp64\www\symox_ci\system\CodeIgniter.php(824): App\Controllers\AuthController->index()
#5 C:\wamp64\www\symox_ci\system\CodeIgniter.php(410): CodeIgniter\CodeIgniter->runController(Object(App\Controllers\AuthController))
#6 C:\wamp64\www\symox_ci\system\CodeIgniter.php(318): CodeIgniter\CodeIgniter->handleRequest(NULL, Object(Config\Cache), false)
#7 C:\wamp64\www\symox_ci\public\index.php(37): CodeIgniter\CodeIgniter->run()
#8 C:\wamp64\www\symox_ci\system\Commands\Server\rewrite.php(43): require_once('C:\\wamp64\\www\\s...')
#9 {main}
CRITICAL - 2021-11-27 04:40:27 --> Call to undefined function set_value()
#0 C:\wamp64\www\symox_ci\system\View\View.php(214): include()
#1 C:\wamp64\www\symox_ci\system\View\View.php(217): CodeIgniter\View\View->CodeIgniter\View\{closure}()
#2 C:\wamp64\www\symox_ci\system\Common.php(1097): CodeIgniter\View\View->render('auth/login', Array, true)
#3 C:\wamp64\www\symox_ci\app\Controllers\AuthController.php(15): view('auth/login', Array)
#4 C:\wamp64\www\symox_ci\system\CodeIgniter.php(824): App\Controllers\AuthController->index()
#5 C:\wamp64\www\symox_ci\system\CodeIgniter.php(410): CodeIgniter\CodeIgniter->runController(Object(App\Controllers\AuthController))
#6 C:\wamp64\www\symox_ci\system\CodeIgniter.php(318): CodeIgniter\CodeIgniter->handleRequest(NULL, Object(Config\Cache), false)
#7 C:\wamp64\www\symox_ci\public\index.php(37): CodeIgniter\CodeIgniter->run()
#8 C:\wamp64\www\symox_ci\system\Commands\Server\rewrite.php(43): require_once('C:\\wamp64\\www\\s...')
#9 {main}
CRITICAL - 2021-11-27 04:42:59 -->  route cannot be found while reverse-routing.
#0 C:\wamp64\www\symox_ci\system\HTTP\RedirectResponse.php(56): CodeIgniter\HTTP\Exceptions\HTTPException::forInvalidRedirectRoute('')
#1 C:\wamp64\www\symox_ci\system\Common.php(840): CodeIgniter\HTTP\RedirectResponse->route(false)
#2 C:\wamp64\www\symox_ci\app\Controllers\AuthController.php(26): redirect('auth/login', Array)
#3 C:\wamp64\www\symox_ci\system\CodeIgniter.php(824): App\Controllers\AuthController->authCheck()
#4 C:\wamp64\www\symox_ci\system\CodeIgniter.php(410): CodeIgniter\CodeIgniter->runController(Object(App\Controllers\AuthController))
#5 C:\wamp64\www\symox_ci\system\CodeIgniter.php(318): CodeIgniter\CodeIgniter->handleRequest(NULL, Object(Config\Cache), false)
#6 C:\wamp64\www\symox_ci\public\index.php(37): CodeIgniter\CodeIgniter->run()
#7 C:\wamp64\www\symox_ci\system\Commands\Server\rewrite.php(43): require_once('C:\\wamp64\\www\\s...')
#8 {main}
CRITICAL - 2021-11-27 05:10:51 --> syntax error, unexpected '->' (T_OBJECT_OPERATOR)
#0 C:\wamp64\www\symox_ci\system\Autoloader\Autoloader.php(241): CodeIgniter\Autoloader\Autoloader->includeFile('C:\\wamp64\\www\\s...')
#1 C:\wamp64\www\symox_ci\system\Autoloader\Autoloader.php(219): CodeIgniter\Autoloader\Autoloader->loadInNamespace('App\\Controllers...')
#2 [internal function]: CodeIgniter\Autoloader\Autoloader->loadClass('App\\Controllers...')
#3 [internal function]: spl_autoload_call('App\\Controllers...')
#4 C:\wamp64\www\symox_ci\system\CodeIgniter.php(789): class_exists('\\App\\Controller...', true)
#5 C:\wamp64\www\symox_ci\system\CodeIgniter.php(397): CodeIgniter\CodeIgniter->startController()
#6 C:\wamp64\www\symox_ci\system\CodeIgniter.php(318): CodeIgniter\CodeIgniter->handleRequest(NULL, Object(Config\Cache), false)
#7 C:\wamp64\www\symox_ci\public\index.php(37): CodeIgniter\CodeIgniter->run()
#8 C:\wamp64\www\symox_ci\system\Commands\Server\rewrite.php(43): require_once('C:\\wamp64\\www\\s...')
#9 {main}
CRITICAL - 2021-11-27 05:11:11 --> syntax error, unexpected '->' (T_OBJECT_OPERATOR), expecting ';'
#0 C:\wamp64\www\symox_ci\system\Autoloader\Autoloader.php(241): CodeIgniter\Autoloader\Autoloader->includeFile('C:\\wamp64\\www\\s...')
#1 C:\wamp64\www\symox_ci\system\Autoloader\Autoloader.php(219): CodeIgniter\Autoloader\Autoloader->loadInNamespace('App\\Controllers...')
#2 [internal function]: CodeIgniter\Autoloader\Autoloader->loadClass('App\\Controllers...')
#3 [internal function]: spl_autoload_call('App\\Controllers...')
#4 C:\wamp64\www\symox_ci\system\CodeIgniter.php(789): class_exists('\\App\\Controller...', true)
#5 C:\wamp64\www\symox_ci\system\CodeIgniter.php(397): CodeIgniter\CodeIgniter->startController()
#6 C:\wamp64\www\symox_ci\system\CodeIgniter.php(318): CodeIgniter\CodeIgniter->handleRequest(NULL, Object(Config\Cache), false)
#7 C:\wamp64\www\symox_ci\public\index.php(37): CodeIgniter\CodeIgniter->run()
#8 C:\wamp64\www\symox_ci\system\Commands\Server\rewrite.php(43): require_once('C:\\wamp64\\www\\s...')
#9 {main}
CRITICAL - 2021-11-27 05:12:30 --> Cannot redeclare App\Libraries\Hash::make()
#0 [internal function]: CodeIgniter\Debug\Exceptions->shutdownHandler()
#1 {main}
CRITICAL - 2021-11-27 05:12:53 --> Call to undefined method CodeIgniter\HTTP\RedirectResponse::withInputs()
#0 C:\wamp64\www\symox_ci\system\CodeIgniter.php(824): App\Controllers\AuthController->authCheck()
#1 C:\wamp64\www\symox_ci\system\CodeIgniter.php(410): CodeIgniter\CodeIgniter->runController(Object(App\Controllers\AuthController))
#2 C:\wamp64\www\symox_ci\system\CodeIgniter.php(318): CodeIgniter\CodeIgniter->handleRequest(NULL, Object(Config\Cache), false)
#3 C:\wamp64\www\symox_ci\public\index.php(37): CodeIgniter\CodeIgniter->run()
#4 C:\wamp64\www\symox_ci\system\Commands\Server\rewrite.php(43): require_once('C:\\wamp64\\www\\s...')
#5 {main}
CRITICAL - 2021-11-27 05:17:59 --> syntax error, unexpected 'if' (T_IF)
#0 C:\wamp64\www\symox_ci\system\View\View.php(217): CodeIgniter\View\View->CodeIgniter\View\{closure}()
#1 C:\wamp64\www\symox_ci\system\Common.php(1097): CodeIgniter\View\View->render('auth/login', Array, true)
#2 C:\wamp64\www\symox_ci\app\Controllers\AuthController.php(16): view('auth/login', Array)
#3 C:\wamp64\www\symox_ci\system\CodeIgniter.php(824): App\Controllers\AuthController->index()
#4 C:\wamp64\www\symox_ci\system\CodeIgniter.php(410): CodeIgniter\CodeIgniter->runController(Object(App\Controllers\AuthController))
#5 C:\wamp64\www\symox_ci\system\CodeIgniter.php(318): CodeIgniter\CodeIgniter->handleRequest(NULL, Object(Config\Cache), false)
#6 C:\wamp64\www\symox_ci\public\index.php(37): CodeIgniter\CodeIgniter->run()
#7 C:\wamp64\www\symox_ci\system\Commands\Server\rewrite.php(43): require_once('C:\\wamp64\\www\\s...')
#8 {main}
CRITICAL - 2021-11-27 05:19:24 --> syntax error, unexpected 'endif' (T_ENDIF)
#0 C:\wamp64\www\symox_ci\system\View\View.php(217): CodeIgniter\View\View->CodeIgniter\View\{closure}()
#1 C:\wamp64\www\symox_ci\system\Common.php(1097): CodeIgniter\View\View->render('auth/login', Array, true)
#2 C:\wamp64\www\symox_ci\app\Controllers\AuthController.php(16): view('auth/login', Array)
#3 C:\wamp64\www\symox_ci\system\CodeIgniter.php(824): App\Controllers\AuthController->index()
#4 C:\wamp64\www\symox_ci\system\CodeIgniter.php(410): CodeIgniter\CodeIgniter->runController(Object(App\Controllers\AuthController))
#5 C:\wamp64\www\symox_ci\system\CodeIgniter.php(318): CodeIgniter\CodeIgniter->handleRequest(NULL, Object(Config\Cache), false)
#6 C:\wamp64\www\symox_ci\public\index.php(37): CodeIgniter\CodeIgniter->run()
#7 C:\wamp64\www\symox_ci\system\Commands\Server\rewrite.php(43): require_once('C:\\wamp64\\www\\s...')
#8 {main}
CRITICAL - 2021-11-27 05:38:56 --> Call to undefined function App\Controllers\sesson()
#0 C:\wamp64\www\symox_ci\system\CodeIgniter.php(824): App\Controllers\AuthController->logout()
#1 C:\wamp64\www\symox_ci\system\CodeIgniter.php(410): CodeIgniter\CodeIgniter->runController(Object(App\Controllers\AuthController))
#2 C:\wamp64\www\symox_ci\system\CodeIgniter.php(318): CodeIgniter\CodeIgniter->handleRequest(NULL, Object(Config\Cache), false)
#3 C:\wamp64\www\symox_ci\public\index.php(37): CodeIgniter\CodeIgniter->run()
#4 C:\wamp64\www\symox_ci\system\Commands\Server\rewrite.php(43): require_once('C:\\wamp64\\www\\s...')
#5 {main}
CRITICAL - 2021-11-27 06:08:31 --> Use of undefined constant isLoggedIn - assumed 'isLoggedIn' (this will throw an Error in a future version of PHP)
#0 C:\wamp64\www\symox_ci\app\Filters\AuthCheck.php(13): CodeIgniter\Debug\Exceptions->errorHandler(2, 'Use of undefine...', 'C:\\wamp64\\www\\s...', 13, Array)
#1 C:\wamp64\www\symox_ci\system\Filters\Filters.php(173): App\Filters\AuthCheck->before(Object(CodeIgniter\HTTP\IncomingRequest), NULL)
#2 C:\wamp64\www\symox_ci\system\CodeIgniter.php(384): CodeIgniter\Filters\Filters->run('/', 'before')
#3 C:\wamp64\www\symox_ci\system\CodeIgniter.php(318): CodeIgniter\CodeIgniter->handleRequest(NULL, Object(Config\Cache), false)
#4 C:\wamp64\www\symox_ci\public\index.php(37): CodeIgniter\CodeIgniter->run()
#5 C:\wamp64\www\symox_ci\system\Commands\Server\rewrite.php(43): require_once('C:\\wamp64\\www\\s...')
#6 {main}
CRITICAL - 2021-11-27 06:08:33 --> Use of undefined constant isLoggedIn - assumed 'isLoggedIn' (this will throw an Error in a future version of PHP)
#0 C:\wamp64\www\symox_ci\app\Filters\AuthCheck.php(13): CodeIgniter\Debug\Exceptions->errorHandler(2, 'Use of undefine...', 'C:\\wamp64\\www\\s...', 13, Array)
#1 C:\wamp64\www\symox_ci\system\Filters\Filters.php(173): App\Filters\AuthCheck->before(Object(CodeIgniter\HTTP\IncomingRequest), NULL)
#2 C:\wamp64\www\symox_ci\system\CodeIgniter.php(384): CodeIgniter\Filters\Filters->run('/', 'before')
#3 C:\wamp64\www\symox_ci\system\CodeIgniter.php(318): CodeIgniter\CodeIgniter->handleRequest(NULL, Object(Config\Cache), false)
#4 C:\wamp64\www\symox_ci\public\index.php(37): CodeIgniter\CodeIgniter->run()
#5 C:\wamp64\www\symox_ci\system\Commands\Server\rewrite.php(43): require_once('C:\\wamp64\\www\\s...')
#6 {main}
