CRITICAL - 2021-11-24 02:52:39 --> Invalid file: topbar.php
#0 C:\wamp64\www\symox_ci\system\View\View.php(198): CodeIgniter\Exceptions\FrameworkException::forInvalidFile('topbar.php')
#1 C:\wamp64\www\symox_ci\system\View\View.php(432): CodeIgniter\View\View->render('topbar', NULL, true)
#2 C:\wamp64\www\symox_ci\app\Views\partials\menu.php(2): CodeIgniter\View\View->include('topbar')
#3 C:\wamp64\www\symox_ci\system\View\View.php(214): include('C:\\wamp64\\www\\s...')
#4 C:\wamp64\www\symox_ci\system\View\View.php(217): CodeIgniter\View\View->CodeIgniter\View\{closure}()
#5 C:\wamp64\www\symox_ci\system\View\View.php(432): CodeIgniter\View\View->render('partials/menu', NULL, true)
#6 C:\wamp64\www\symox_ci\app\Views\index.php(16): CodeIgniter\View\View->include('partials/menu')
#7 C:\wamp64\www\symox_ci\system\View\View.php(214): include('C:\\wamp64\\www\\s...')
#8 C:\wamp64\www\symox_ci\system\View\View.php(217): CodeIgniter\View\View->CodeIgniter\View\{closure}()
#9 C:\wamp64\www\symox_ci\system\Common.php(1097): CodeIgniter\View\View->render('index', Array, true)
#10 C:\wamp64\www\symox_ci\app\Controllers\Home.php(13): view('index', Array)
#11 C:\wamp64\www\symox_ci\system\CodeIgniter.php(824): App\Controllers\Home->index()
#12 C:\wamp64\www\symox_ci\system\CodeIgniter.php(410): CodeIgniter\CodeIgniter->runController(Object(App\Controllers\Home))
#13 C:\wamp64\www\symox_ci\system\CodeIgniter.php(318): CodeIgniter\CodeIgniter->handleRequest(NULL, Object(Config\Cache), false)
#14 C:\wamp64\www\symox_ci\public\index.php(37): CodeIgniter\CodeIgniter->run()
#15 C:\wamp64\www\symox_ci\system\Commands\Server\rewrite.php(43): require_once('C:\\wamp64\\www\\s...')
#16 {main}
CRITICAL - 2021-11-24 02:52:44 --> Invalid file: topbar.php
#0 C:\wamp64\www\symox_ci\system\View\View.php(198): CodeIgniter\Exceptions\FrameworkException::forInvalidFile('topbar.php')
#1 C:\wamp64\www\symox_ci\system\View\View.php(432): CodeIgniter\View\View->render('topbar', NULL, true)
#2 C:\wamp64\www\symox_ci\app\Views\partials\menu.php(2): CodeIgniter\View\View->include('topbar')
#3 C:\wamp64\www\symox_ci\system\View\View.php(214): include('C:\\wamp64\\www\\s...')
#4 C:\wamp64\www\symox_ci\system\View\View.php(217): CodeIgniter\View\View->CodeIgniter\View\{closure}()
#5 C:\wamp64\www\symox_ci\system\View\View.php(432): CodeIgniter\View\View->render('partials/menu', NULL, true)
#6 C:\wamp64\www\symox_ci\app\Views\index.php(16): CodeIgniter\View\View->include('partials/menu')
#7 C:\wamp64\www\symox_ci\system\View\View.php(214): include('C:\\wamp64\\www\\s...')
#8 C:\wamp64\www\symox_ci\system\View\View.php(217): CodeIgniter\View\View->CodeIgniter\View\{closure}()
#9 C:\wamp64\www\symox_ci\system\Common.php(1097): CodeIgniter\View\View->render('index', Array, true)
#10 C:\wamp64\www\symox_ci\app\Controllers\Home.php(13): view('index', Array)
#11 C:\wamp64\www\symox_ci\system\CodeIgniter.php(824): App\Controllers\Home->index()
#12 C:\wamp64\www\symox_ci\system\CodeIgniter.php(410): CodeIgniter\CodeIgniter->runController(Object(App\Controllers\Home))
#13 C:\wamp64\www\symox_ci\system\CodeIgniter.php(318): CodeIgniter\CodeIgniter->handleRequest(NULL, Object(Config\Cache), false)
#14 C:\wamp64\www\symox_ci\public\index.php(37): CodeIgniter\CodeIgniter->run()
#15 C:\wamp64\www\symox_ci\system\Commands\Server\rewrite.php(43): require_once('C:\\wamp64\\www\\s...')
#16 {main}
CRITICAL - 2021-11-24 02:52:45 --> Invalid file: topbar.php
#0 C:\wamp64\www\symox_ci\system\View\View.php(198): CodeIgniter\Exceptions\FrameworkException::forInvalidFile('topbar.php')
#1 C:\wamp64\www\symox_ci\system\View\View.php(432): CodeIgniter\View\View->render('topbar', NULL, true)
#2 C:\wamp64\www\symox_ci\app\Views\partials\menu.php(2): CodeIgniter\View\View->include('topbar')
#3 C:\wamp64\www\symox_ci\system\View\View.php(214): include('C:\\wamp64\\www\\s...')
#4 C:\wamp64\www\symox_ci\system\View\View.php(217): CodeIgniter\View\View->CodeIgniter\View\{closure}()
#5 C:\wamp64\www\symox_ci\system\View\View.php(432): CodeIgniter\View\View->render('partials/menu', NULL, true)
#6 C:\wamp64\www\symox_ci\app\Views\index.php(16): CodeIgniter\View\View->include('partials/menu')
#7 C:\wamp64\www\symox_ci\system\View\View.php(214): include('C:\\wamp64\\www\\s...')
#8 C:\wamp64\www\symox_ci\system\View\View.php(217): CodeIgniter\View\View->CodeIgniter\View\{closure}()
#9 C:\wamp64\www\symox_ci\system\Common.php(1097): CodeIgniter\View\View->render('index', Array, true)
#10 C:\wamp64\www\symox_ci\app\Controllers\Home.php(13): view('index', Array)
#11 C:\wamp64\www\symox_ci\system\CodeIgniter.php(824): App\Controllers\Home->index()
#12 C:\wamp64\www\symox_ci\system\CodeIgniter.php(410): CodeIgniter\CodeIgniter->runController(Object(App\Controllers\Home))
#13 C:\wamp64\www\symox_ci\system\CodeIgniter.php(318): CodeIgniter\CodeIgniter->handleRequest(NULL, Object(Config\Cache), false)
#14 C:\wamp64\www\symox_ci\public\index.php(37): CodeIgniter\CodeIgniter->run()
#15 C:\wamp64\www\symox_ci\system\Commands\Server\rewrite.php(43): require_once('C:\\wamp64\\www\\s...')
#16 {main}
CRITICAL - 2021-11-24 02:52:46 --> Invalid file: topbar.php
#0 C:\wamp64\www\symox_ci\system\View\View.php(198): CodeIgniter\Exceptions\FrameworkException::forInvalidFile('topbar.php')
#1 C:\wamp64\www\symox_ci\system\View\View.php(432): CodeIgniter\View\View->render('topbar', NULL, true)
#2 C:\wamp64\www\symox_ci\app\Views\partials\menu.php(2): CodeIgniter\View\View->include('topbar')
#3 C:\wamp64\www\symox_ci\system\View\View.php(214): include('C:\\wamp64\\www\\s...')
#4 C:\wamp64\www\symox_ci\system\View\View.php(217): CodeIgniter\View\View->CodeIgniter\View\{closure}()
#5 C:\wamp64\www\symox_ci\system\View\View.php(432): CodeIgniter\View\View->render('partials/menu', NULL, true)
#6 C:\wamp64\www\symox_ci\app\Views\index.php(16): CodeIgniter\View\View->include('partials/menu')
#7 C:\wamp64\www\symox_ci\system\View\View.php(214): include('C:\\wamp64\\www\\s...')
#8 C:\wamp64\www\symox_ci\system\View\View.php(217): CodeIgniter\View\View->CodeIgniter\View\{closure}()
#9 C:\wamp64\www\symox_ci\system\Common.php(1097): CodeIgniter\View\View->render('index', Array, true)
#10 C:\wamp64\www\symox_ci\app\Controllers\Home.php(13): view('index', Array)
#11 C:\wamp64\www\symox_ci\system\CodeIgniter.php(824): App\Controllers\Home->index()
#12 C:\wamp64\www\symox_ci\system\CodeIgniter.php(410): CodeIgniter\CodeIgniter->runController(Object(App\Controllers\Home))
#13 C:\wamp64\www\symox_ci\system\CodeIgniter.php(318): CodeIgniter\CodeIgniter->handleRequest(NULL, Object(Config\Cache), false)
#14 C:\wamp64\www\symox_ci\public\index.php(37): CodeIgniter\CodeIgniter->run()
#15 C:\wamp64\www\symox_ci\system\Commands\Server\rewrite.php(43): require_once('C:\\wamp64\\www\\s...')
#16 {main}
CRITICAL - 2021-11-24 02:52:46 --> Invalid file: topbar.php
#0 C:\wamp64\www\symox_ci\system\View\View.php(198): CodeIgniter\Exceptions\FrameworkException::forInvalidFile('topbar.php')
#1 C:\wamp64\www\symox_ci\system\View\View.php(432): CodeIgniter\View\View->render('topbar', NULL, true)
#2 C:\wamp64\www\symox_ci\app\Views\partials\menu.php(2): CodeIgniter\View\View->include('topbar')
#3 C:\wamp64\www\symox_ci\system\View\View.php(214): include('C:\\wamp64\\www\\s...')
#4 C:\wamp64\www\symox_ci\system\View\View.php(217): CodeIgniter\View\View->CodeIgniter\View\{closure}()
#5 C:\wamp64\www\symox_ci\system\View\View.php(432): CodeIgniter\View\View->render('partials/menu', NULL, true)
#6 C:\wamp64\www\symox_ci\app\Views\index.php(16): CodeIgniter\View\View->include('partials/menu')
#7 C:\wamp64\www\symox_ci\system\View\View.php(214): include('C:\\wamp64\\www\\s...')
#8 C:\wamp64\www\symox_ci\system\View\View.php(217): CodeIgniter\View\View->CodeIgniter\View\{closure}()
#9 C:\wamp64\www\symox_ci\system\Common.php(1097): CodeIgniter\View\View->render('index', Array, true)
#10 C:\wamp64\www\symox_ci\app\Controllers\Home.php(13): view('index', Array)
#11 C:\wamp64\www\symox_ci\system\CodeIgniter.php(824): App\Controllers\Home->index()
#12 C:\wamp64\www\symox_ci\system\CodeIgniter.php(410): CodeIgniter\CodeIgniter->runController(Object(App\Controllers\Home))
#13 C:\wamp64\www\symox_ci\system\CodeIgniter.php(318): CodeIgniter\CodeIgniter->handleRequest(NULL, Object(Config\Cache), false)
#14 C:\wamp64\www\symox_ci\public\index.php(37): CodeIgniter\CodeIgniter->run()
#15 C:\wamp64\www\symox_ci\system\Commands\Server\rewrite.php(43): require_once('C:\\wamp64\\www\\s...')
#16 {main}
CRITICAL - 2021-11-24 02:52:47 --> Invalid file: topbar.php
#0 C:\wamp64\www\symox_ci\system\View\View.php(198): CodeIgniter\Exceptions\FrameworkException::forInvalidFile('topbar.php')
#1 C:\wamp64\www\symox_ci\system\View\View.php(432): CodeIgniter\View\View->render('topbar', NULL, true)
#2 C:\wamp64\www\symox_ci\app\Views\partials\menu.php(2): CodeIgniter\View\View->include('topbar')
#3 C:\wamp64\www\symox_ci\system\View\View.php(214): include('C:\\wamp64\\www\\s...')
#4 C:\wamp64\www\symox_ci\system\View\View.php(217): CodeIgniter\View\View->CodeIgniter\View\{closure}()
#5 C:\wamp64\www\symox_ci\system\View\View.php(432): CodeIgniter\View\View->render('partials/menu', NULL, true)
#6 C:\wamp64\www\symox_ci\app\Views\index.php(16): CodeIgniter\View\View->include('partials/menu')
#7 C:\wamp64\www\symox_ci\system\View\View.php(214): include('C:\\wamp64\\www\\s...')
#8 C:\wamp64\www\symox_ci\system\View\View.php(217): CodeIgniter\View\View->CodeIgniter\View\{closure}()
#9 C:\wamp64\www\symox_ci\system\Common.php(1097): CodeIgniter\View\View->render('index', Array, true)
#10 C:\wamp64\www\symox_ci\app\Controllers\Home.php(13): view('index', Array)
#11 C:\wamp64\www\symox_ci\system\CodeIgniter.php(824): App\Controllers\Home->index()
#12 C:\wamp64\www\symox_ci\system\CodeIgniter.php(410): CodeIgniter\CodeIgniter->runController(Object(App\Controllers\Home))
#13 C:\wamp64\www\symox_ci\system\CodeIgniter.php(318): CodeIgniter\CodeIgniter->handleRequest(NULL, Object(Config\Cache), false)
#14 C:\wamp64\www\symox_ci\public\index.php(37): CodeIgniter\CodeIgniter->run()
#15 C:\wamp64\www\symox_ci\system\Commands\Server\rewrite.php(43): require_once('C:\\wamp64\\www\\s...')
#16 {main}
CRITICAL - 2021-11-24 02:53:48 --> Invalid file: topbar.php
#0 C:\wamp64\www\symox_ci\system\View\View.php(198): CodeIgniter\Exceptions\FrameworkException::forInvalidFile('topbar.php')
#1 C:\wamp64\www\symox_ci\system\View\View.php(432): CodeIgniter\View\View->render('topbar', NULL, true)
#2 C:\wamp64\www\symox_ci\app\Views\partials\menu.php(2): CodeIgniter\View\View->include('topbar')
#3 C:\wamp64\www\symox_ci\system\View\View.php(214): include('C:\\wamp64\\www\\s...')
#4 C:\wamp64\www\symox_ci\system\View\View.php(217): CodeIgniter\View\View->CodeIgniter\View\{closure}()
#5 C:\wamp64\www\symox_ci\system\View\View.php(432): CodeIgniter\View\View->render('partials/menu', NULL, true)
#6 C:\wamp64\www\symox_ci\app\Views\index.php(16): CodeIgniter\View\View->include('partials/menu')
#7 C:\wamp64\www\symox_ci\system\View\View.php(214): include('C:\\wamp64\\www\\s...')
#8 C:\wamp64\www\symox_ci\system\View\View.php(217): CodeIgniter\View\View->CodeIgniter\View\{closure}()
#9 C:\wamp64\www\symox_ci\system\Common.php(1097): CodeIgniter\View\View->render('index', Array, true)
#10 C:\wamp64\www\symox_ci\app\Controllers\Home.php(13): view('index', Array)
#11 C:\wamp64\www\symox_ci\system\CodeIgniter.php(824): App\Controllers\Home->index()
#12 C:\wamp64\www\symox_ci\system\CodeIgniter.php(410): CodeIgniter\CodeIgniter->runController(Object(App\Controllers\Home))
#13 C:\wamp64\www\symox_ci\system\CodeIgniter.php(318): CodeIgniter\CodeIgniter->handleRequest(NULL, Object(Config\Cache), false)
#14 C:\wamp64\www\symox_ci\public\index.php(37): CodeIgniter\CodeIgniter->run()
#15 C:\wamp64\www\symox_ci\system\Commands\Server\rewrite.php(43): require_once('C:\\wamp64\\www\\s...')
#16 {main}
CRITICAL - 2021-11-24 02:53:49 --> Invalid file: topbar.php
#0 C:\wamp64\www\symox_ci\system\View\View.php(198): CodeIgniter\Exceptions\FrameworkException::forInvalidFile('topbar.php')
#1 C:\wamp64\www\symox_ci\system\View\View.php(432): CodeIgniter\View\View->render('topbar', NULL, true)
#2 C:\wamp64\www\symox_ci\app\Views\partials\menu.php(2): CodeIgniter\View\View->include('topbar')
#3 C:\wamp64\www\symox_ci\system\View\View.php(214): include('C:\\wamp64\\www\\s...')
#4 C:\wamp64\www\symox_ci\system\View\View.php(217): CodeIgniter\View\View->CodeIgniter\View\{closure}()
#5 C:\wamp64\www\symox_ci\system\View\View.php(432): CodeIgniter\View\View->render('partials/menu', NULL, true)
#6 C:\wamp64\www\symox_ci\app\Views\index.php(16): CodeIgniter\View\View->include('partials/menu')
#7 C:\wamp64\www\symox_ci\system\View\View.php(214): include('C:\\wamp64\\www\\s...')
#8 C:\wamp64\www\symox_ci\system\View\View.php(217): CodeIgniter\View\View->CodeIgniter\View\{closure}()
#9 C:\wamp64\www\symox_ci\system\Common.php(1097): CodeIgniter\View\View->render('index', Array, true)
#10 C:\wamp64\www\symox_ci\app\Controllers\Home.php(13): view('index', Array)
#11 C:\wamp64\www\symox_ci\system\CodeIgniter.php(824): App\Controllers\Home->index()
#12 C:\wamp64\www\symox_ci\system\CodeIgniter.php(410): CodeIgniter\CodeIgniter->runController(Object(App\Controllers\Home))
#13 C:\wamp64\www\symox_ci\system\CodeIgniter.php(318): CodeIgniter\CodeIgniter->handleRequest(NULL, Object(Config\Cache), false)
#14 C:\wamp64\www\symox_ci\public\index.php(37): CodeIgniter\CodeIgniter->run()
#15 C:\wamp64\www\symox_ci\system\Commands\Server\rewrite.php(43): require_once('C:\\wamp64\\www\\s...')
#16 {main}
CRITICAL - 2021-11-24 02:54:16 --> Invalid file: topbar.php
#0 C:\wamp64\www\symox_ci\system\View\View.php(198): CodeIgniter\Exceptions\FrameworkException::forInvalidFile('topbar.php')
#1 C:\wamp64\www\symox_ci\system\View\View.php(432): CodeIgniter\View\View->render('topbar', NULL, true)
#2 C:\wamp64\www\symox_ci\app\Views\partials\menu.php(2): CodeIgniter\View\View->include('topbar')
#3 C:\wamp64\www\symox_ci\system\View\View.php(214): include('C:\\wamp64\\www\\s...')
#4 C:\wamp64\www\symox_ci\system\View\View.php(217): CodeIgniter\View\View->CodeIgniter\View\{closure}()
#5 C:\wamp64\www\symox_ci\system\View\View.php(432): CodeIgniter\View\View->render('partials/menu', NULL, true)
#6 C:\wamp64\www\symox_ci\app\Views\index.php(16): CodeIgniter\View\View->include('partials/menu')
#7 C:\wamp64\www\symox_ci\system\View\View.php(214): include('C:\\wamp64\\www\\s...')
#8 C:\wamp64\www\symox_ci\system\View\View.php(217): CodeIgniter\View\View->CodeIgniter\View\{closure}()
#9 C:\wamp64\www\symox_ci\system\Common.php(1097): CodeIgniter\View\View->render('index', Array, true)
#10 C:\wamp64\www\symox_ci\app\Controllers\Home.php(13): view('index', Array)
#11 C:\wamp64\www\symox_ci\system\CodeIgniter.php(824): App\Controllers\Home->index()
#12 C:\wamp64\www\symox_ci\system\CodeIgniter.php(410): CodeIgniter\CodeIgniter->runController(Object(App\Controllers\Home))
#13 C:\wamp64\www\symox_ci\system\CodeIgniter.php(318): CodeIgniter\CodeIgniter->handleRequest(NULL, Object(Config\Cache), false)
#14 C:\wamp64\www\symox_ci\public\index.php(37): CodeIgniter\CodeIgniter->run()
#15 C:\wamp64\www\symox_ci\system\Commands\Server\rewrite.php(43): require_once('C:\\wamp64\\www\\s...')
#16 {main}
CRITICAL - 2021-11-24 02:54:18 --> Invalid file: topbar.php
#0 C:\wamp64\www\symox_ci\system\View\View.php(198): CodeIgniter\Exceptions\FrameworkException::forInvalidFile('topbar.php')
#1 C:\wamp64\www\symox_ci\system\View\View.php(432): CodeIgniter\View\View->render('topbar', NULL, true)
#2 C:\wamp64\www\symox_ci\app\Views\partials\menu.php(2): CodeIgniter\View\View->include('topbar')
#3 C:\wamp64\www\symox_ci\system\View\View.php(214): include('C:\\wamp64\\www\\s...')
#4 C:\wamp64\www\symox_ci\system\View\View.php(217): CodeIgniter\View\View->CodeIgniter\View\{closure}()
#5 C:\wamp64\www\symox_ci\system\View\View.php(432): CodeIgniter\View\View->render('partials/menu', NULL, true)
#6 C:\wamp64\www\symox_ci\app\Views\index.php(16): CodeIgniter\View\View->include('partials/menu')
#7 C:\wamp64\www\symox_ci\system\View\View.php(214): include('C:\\wamp64\\www\\s...')
#8 C:\wamp64\www\symox_ci\system\View\View.php(217): CodeIgniter\View\View->CodeIgniter\View\{closure}()
#9 C:\wamp64\www\symox_ci\system\Common.php(1097): CodeIgniter\View\View->render('index', Array, true)
#10 C:\wamp64\www\symox_ci\app\Controllers\Home.php(13): view('index', Array)
#11 C:\wamp64\www\symox_ci\system\CodeIgniter.php(824): App\Controllers\Home->index()
#12 C:\wamp64\www\symox_ci\system\CodeIgniter.php(410): CodeIgniter\CodeIgniter->runController(Object(App\Controllers\Home))
#13 C:\wamp64\www\symox_ci\system\CodeIgniter.php(318): CodeIgniter\CodeIgniter->handleRequest(NULL, Object(Config\Cache), false)
#14 C:\wamp64\www\symox_ci\public\index.php(37): CodeIgniter\CodeIgniter->run()
#15 C:\wamp64\www\symox_ci\system\Commands\Server\rewrite.php(43): require_once('C:\\wamp64\\www\\s...')
#16 {main}
CRITICAL - 2021-11-24 02:54:54 --> Invalid file: topbar.php
#0 C:\wamp64\www\symox_ci\system\View\View.php(198): CodeIgniter\Exceptions\FrameworkException::forInvalidFile('topbar.php')
#1 C:\wamp64\www\symox_ci\system\View\View.php(432): CodeIgniter\View\View->render('topbar', NULL, true)
#2 C:\wamp64\www\symox_ci\app\Views\partials\menu.php(2): CodeIgniter\View\View->include('topbar')
#3 C:\wamp64\www\symox_ci\system\View\View.php(214): include('C:\\wamp64\\www\\s...')
#4 C:\wamp64\www\symox_ci\system\View\View.php(217): CodeIgniter\View\View->CodeIgniter\View\{closure}()
#5 C:\wamp64\www\symox_ci\system\View\View.php(432): CodeIgniter\View\View->render('partials/menu', NULL, true)
#6 C:\wamp64\www\symox_ci\app\Views\index.php(16): CodeIgniter\View\View->include('partials/menu')
#7 C:\wamp64\www\symox_ci\system\View\View.php(214): include('C:\\wamp64\\www\\s...')
#8 C:\wamp64\www\symox_ci\system\View\View.php(217): CodeIgniter\View\View->CodeIgniter\View\{closure}()
#9 C:\wamp64\www\symox_ci\system\Common.php(1097): CodeIgniter\View\View->render('index', Array, true)
#10 C:\wamp64\www\symox_ci\app\Controllers\Home.php(13): view('index', Array)
#11 C:\wamp64\www\symox_ci\system\CodeIgniter.php(824): App\Controllers\Home->index()
#12 C:\wamp64\www\symox_ci\system\CodeIgniter.php(410): CodeIgniter\CodeIgniter->runController(Object(App\Controllers\Home))
#13 C:\wamp64\www\symox_ci\system\CodeIgniter.php(318): CodeIgniter\CodeIgniter->handleRequest(NULL, Object(Config\Cache), false)
#14 C:\wamp64\www\symox_ci\public\index.php(37): CodeIgniter\CodeIgniter->run()
#15 C:\wamp64\www\symox_ci\system\Commands\Server\rewrite.php(43): require_once('C:\\wamp64\\www\\s...')
#16 {main}
CRITICAL - 2021-11-24 02:54:55 --> Invalid file: topbar.php
#0 C:\wamp64\www\symox_ci\system\View\View.php(198): CodeIgniter\Exceptions\FrameworkException::forInvalidFile('topbar.php')
#1 C:\wamp64\www\symox_ci\system\View\View.php(432): CodeIgniter\View\View->render('topbar', NULL, true)
#2 C:\wamp64\www\symox_ci\app\Views\partials\menu.php(2): CodeIgniter\View\View->include('topbar')
#3 C:\wamp64\www\symox_ci\system\View\View.php(214): include('C:\\wamp64\\www\\s...')
#4 C:\wamp64\www\symox_ci\system\View\View.php(217): CodeIgniter\View\View->CodeIgniter\View\{closure}()
#5 C:\wamp64\www\symox_ci\system\View\View.php(432): CodeIgniter\View\View->render('partials/menu', NULL, true)
#6 C:\wamp64\www\symox_ci\app\Views\index.php(16): CodeIgniter\View\View->include('partials/menu')
#7 C:\wamp64\www\symox_ci\system\View\View.php(214): include('C:\\wamp64\\www\\s...')
#8 C:\wamp64\www\symox_ci\system\View\View.php(217): CodeIgniter\View\View->CodeIgniter\View\{closure}()
#9 C:\wamp64\www\symox_ci\system\Common.php(1097): CodeIgniter\View\View->render('index', Array, true)
#10 C:\wamp64\www\symox_ci\app\Controllers\Home.php(13): view('index', Array)
#11 C:\wamp64\www\symox_ci\system\CodeIgniter.php(824): App\Controllers\Home->index()
#12 C:\wamp64\www\symox_ci\system\CodeIgniter.php(410): CodeIgniter\CodeIgniter->runController(Object(App\Controllers\Home))
#13 C:\wamp64\www\symox_ci\system\CodeIgniter.php(318): CodeIgniter\CodeIgniter->handleRequest(NULL, Object(Config\Cache), false)
#14 C:\wamp64\www\symox_ci\public\index.php(37): CodeIgniter\CodeIgniter->run()
#15 C:\wamp64\www\symox_ci\system\Commands\Server\rewrite.php(43): require_once('C:\\wamp64\\www\\s...')
#16 {main}
CRITICAL - 2021-11-24 02:54:56 --> Invalid file: topbar.php
#0 C:\wamp64\www\symox_ci\system\View\View.php(198): CodeIgniter\Exceptions\FrameworkException::forInvalidFile('topbar.php')
#1 C:\wamp64\www\symox_ci\system\View\View.php(432): CodeIgniter\View\View->render('topbar', NULL, true)
#2 C:\wamp64\www\symox_ci\app\Views\partials\menu.php(2): CodeIgniter\View\View->include('topbar')
#3 C:\wamp64\www\symox_ci\system\View\View.php(214): include('C:\\wamp64\\www\\s...')
#4 C:\wamp64\www\symox_ci\system\View\View.php(217): CodeIgniter\View\View->CodeIgniter\View\{closure}()
#5 C:\wamp64\www\symox_ci\system\View\View.php(432): CodeIgniter\View\View->render('partials/menu', NULL, true)
#6 C:\wamp64\www\symox_ci\app\Views\index.php(16): CodeIgniter\View\View->include('partials/menu')
#7 C:\wamp64\www\symox_ci\system\View\View.php(214): include('C:\\wamp64\\www\\s...')
#8 C:\wamp64\www\symox_ci\system\View\View.php(217): CodeIgniter\View\View->CodeIgniter\View\{closure}()
#9 C:\wamp64\www\symox_ci\system\Common.php(1097): CodeIgniter\View\View->render('index', Array, true)
#10 C:\wamp64\www\symox_ci\app\Controllers\Home.php(13): view('index', Array)
#11 C:\wamp64\www\symox_ci\system\CodeIgniter.php(824): App\Controllers\Home->index()
#12 C:\wamp64\www\symox_ci\system\CodeIgniter.php(410): CodeIgniter\CodeIgniter->runController(Object(App\Controllers\Home))
#13 C:\wamp64\www\symox_ci\system\CodeIgniter.php(318): CodeIgniter\CodeIgniter->handleRequest(NULL, Object(Config\Cache), false)
#14 C:\wamp64\www\symox_ci\public\index.php(37): CodeIgniter\CodeIgniter->run()
#15 C:\wamp64\www\symox_ci\system\Commands\Server\rewrite.php(43): require_once('C:\\wamp64\\www\\s...')
#16 {main}
CRITICAL - 2021-11-24 02:54:57 --> Invalid file: topbar.php
#0 C:\wamp64\www\symox_ci\system\View\View.php(198): CodeIgniter\Exceptions\FrameworkException::forInvalidFile('topbar.php')
#1 C:\wamp64\www\symox_ci\system\View\View.php(432): CodeIgniter\View\View->render('topbar', NULL, true)
#2 C:\wamp64\www\symox_ci\app\Views\partials\menu.php(2): CodeIgniter\View\View->include('topbar')
#3 C:\wamp64\www\symox_ci\system\View\View.php(214): include('C:\\wamp64\\www\\s...')
#4 C:\wamp64\www\symox_ci\system\View\View.php(217): CodeIgniter\View\View->CodeIgniter\View\{closure}()
#5 C:\wamp64\www\symox_ci\system\View\View.php(432): CodeIgniter\View\View->render('partials/menu', NULL, true)
#6 C:\wamp64\www\symox_ci\app\Views\index.php(16): CodeIgniter\View\View->include('partials/menu')
#7 C:\wamp64\www\symox_ci\system\View\View.php(214): include('C:\\wamp64\\www\\s...')
#8 C:\wamp64\www\symox_ci\system\View\View.php(217): CodeIgniter\View\View->CodeIgniter\View\{closure}()
#9 C:\wamp64\www\symox_ci\system\Common.php(1097): CodeIgniter\View\View->render('index', Array, true)
#10 C:\wamp64\www\symox_ci\app\Controllers\Home.php(13): view('index', Array)
#11 C:\wamp64\www\symox_ci\system\CodeIgniter.php(824): App\Controllers\Home->index()
#12 C:\wamp64\www\symox_ci\system\CodeIgniter.php(410): CodeIgniter\CodeIgniter->runController(Object(App\Controllers\Home))
#13 C:\wamp64\www\symox_ci\system\CodeIgniter.php(318): CodeIgniter\CodeIgniter->handleRequest(NULL, Object(Config\Cache), false)
#14 C:\wamp64\www\symox_ci\public\index.php(37): CodeIgniter\CodeIgniter->run()
#15 C:\wamp64\www\symox_ci\system\Commands\Server\rewrite.php(43): require_once('C:\\wamp64\\www\\s...')
#16 {main}
CRITICAL - 2021-11-24 02:56:16 --> Invalid file: topbar.php
#0 C:\wamp64\www\symox_ci\system\View\View.php(198): CodeIgniter\Exceptions\FrameworkException::forInvalidFile('topbar.php')
#1 C:\wamp64\www\symox_ci\system\View\View.php(432): CodeIgniter\View\View->render('topbar', NULL, true)
#2 C:\wamp64\www\symox_ci\app\Views\partials\menu.php(2): CodeIgniter\View\View->include('topbar')
#3 C:\wamp64\www\symox_ci\system\View\View.php(214): include('C:\\wamp64\\www\\s...')
#4 C:\wamp64\www\symox_ci\system\View\View.php(217): CodeIgniter\View\View->CodeIgniter\View\{closure}()
#5 C:\wamp64\www\symox_ci\system\View\View.php(432): CodeIgniter\View\View->render('partials/menu', NULL, true)
#6 C:\wamp64\www\symox_ci\app\Views\index.php(16): CodeIgniter\View\View->include('partials/menu')
#7 C:\wamp64\www\symox_ci\system\View\View.php(214): include('C:\\wamp64\\www\\s...')
#8 C:\wamp64\www\symox_ci\system\View\View.php(217): CodeIgniter\View\View->CodeIgniter\View\{closure}()
#9 C:\wamp64\www\symox_ci\system\Common.php(1097): CodeIgniter\View\View->render('index', Array, true)
#10 C:\wamp64\www\symox_ci\app\Controllers\Home.php(13): view('index', Array)
#11 C:\wamp64\www\symox_ci\system\CodeIgniter.php(824): App\Controllers\Home->index()
#12 C:\wamp64\www\symox_ci\system\CodeIgniter.php(410): CodeIgniter\CodeIgniter->runController(Object(App\Controllers\Home))
#13 C:\wamp64\www\symox_ci\system\CodeIgniter.php(318): CodeIgniter\CodeIgniter->handleRequest(NULL, Object(Config\Cache), false)
#14 C:\wamp64\www\symox_ci\public\index.php(37): CodeIgniter\CodeIgniter->run()
#15 C:\wamp64\www\symox_ci\system\Commands\Server\rewrite.php(43): require_once('C:\\wamp64\\www\\s...')
#16 {main}
CRITICAL - 2021-11-24 02:59:17 --> Invalid file: topbar.php
#0 C:\wamp64\www\symox_ci\system\View\View.php(198): CodeIgniter\Exceptions\FrameworkException::forInvalidFile('topbar.php')
#1 C:\wamp64\www\symox_ci\system\View\View.php(432): CodeIgniter\View\View->render('topbar', NULL, true)
#2 C:\wamp64\www\symox_ci\app\Views\partials\menu.php(2): CodeIgniter\View\View->include('topbar')
#3 C:\wamp64\www\symox_ci\system\View\View.php(214): include('C:\\wamp64\\www\\s...')
#4 C:\wamp64\www\symox_ci\system\View\View.php(217): CodeIgniter\View\View->CodeIgniter\View\{closure}()
#5 C:\wamp64\www\symox_ci\system\View\View.php(432): CodeIgniter\View\View->render('partials/menu', NULL, true)
#6 C:\wamp64\www\symox_ci\app\Views\index.php(16): CodeIgniter\View\View->include('partials/menu')
#7 C:\wamp64\www\symox_ci\system\View\View.php(214): include('C:\\wamp64\\www\\s...')
#8 C:\wamp64\www\symox_ci\system\View\View.php(217): CodeIgniter\View\View->CodeIgniter\View\{closure}()
#9 C:\wamp64\www\symox_ci\system\Common.php(1097): CodeIgniter\View\View->render('index', Array, true)
#10 C:\wamp64\www\symox_ci\app\Controllers\Home.php(13): view('index', Array)
#11 C:\wamp64\www\symox_ci\system\CodeIgniter.php(824): App\Controllers\Home->index()
#12 C:\wamp64\www\symox_ci\system\CodeIgniter.php(410): CodeIgniter\CodeIgniter->runController(Object(App\Controllers\Home))
#13 C:\wamp64\www\symox_ci\system\CodeIgniter.php(318): CodeIgniter\CodeIgniter->handleRequest(NULL, Object(Config\Cache), false)
#14 C:\wamp64\www\symox_ci\public\index.php(37): CodeIgniter\CodeIgniter->run()
#15 C:\wamp64\www\symox_ci\system\Commands\Server\rewrite.php(43): require_once('C:\\wamp64\\www\\s...')
#16 {main}
CRITICAL - 2021-11-24 02:59:41 --> Invalid file: topbar.php
#0 C:\wamp64\www\symox_ci\system\View\View.php(198): CodeIgniter\Exceptions\FrameworkException::forInvalidFile('topbar.php')
#1 C:\wamp64\www\symox_ci\system\View\View.php(432): CodeIgniter\View\View->render('topbar.php', NULL, true)
#2 C:\wamp64\www\symox_ci\app\Views\partials\menu.php(2): CodeIgniter\View\View->include('topbar.php')
#3 C:\wamp64\www\symox_ci\system\View\View.php(214): include('C:\\wamp64\\www\\s...')
#4 C:\wamp64\www\symox_ci\system\View\View.php(217): CodeIgniter\View\View->CodeIgniter\View\{closure}()
#5 C:\wamp64\www\symox_ci\system\View\View.php(432): CodeIgniter\View\View->render('partials/menu', NULL, true)
#6 C:\wamp64\www\symox_ci\app\Views\index.php(16): CodeIgniter\View\View->include('partials/menu')
#7 C:\wamp64\www\symox_ci\system\View\View.php(214): include('C:\\wamp64\\www\\s...')
#8 C:\wamp64\www\symox_ci\system\View\View.php(217): CodeIgniter\View\View->CodeIgniter\View\{closure}()
#9 C:\wamp64\www\symox_ci\system\Common.php(1097): CodeIgniter\View\View->render('index', Array, true)
#10 C:\wamp64\www\symox_ci\app\Controllers\Home.php(13): view('index', Array)
#11 C:\wamp64\www\symox_ci\system\CodeIgniter.php(824): App\Controllers\Home->index()
#12 C:\wamp64\www\symox_ci\system\CodeIgniter.php(410): CodeIgniter\CodeIgniter->runController(Object(App\Controllers\Home))
#13 C:\wamp64\www\symox_ci\system\CodeIgniter.php(318): CodeIgniter\CodeIgniter->handleRequest(NULL, Object(Config\Cache), false)
#14 C:\wamp64\www\symox_ci\public\index.php(37): CodeIgniter\CodeIgniter->run()
#15 C:\wamp64\www\symox_ci\system\Commands\Server\rewrite.php(43): require_once('C:\\wamp64\\www\\s...')
#16 {main}
CRITICAL - 2021-11-24 03:09:55 --> Call to undefined function link_tag()
#0 C:\wamp64\www\symox_ci\system\View\View.php(214): include()
#1 C:\wamp64\www\symox_ci\system\View\View.php(217): CodeIgniter\View\View->CodeIgniter\View\{closure}()
#2 C:\wamp64\www\symox_ci\system\View\View.php(432): CodeIgniter\View\View->render('partials/head-c...', NULL, true)
#3 C:\wamp64\www\symox_ci\app\Views\index.php(7): CodeIgniter\View\View->include('partials/head-c...')
#4 C:\wamp64\www\symox_ci\system\View\View.php(214): include('C:\\wamp64\\www\\s...')
#5 C:\wamp64\www\symox_ci\system\View\View.php(217): CodeIgniter\View\View->CodeIgniter\View\{closure}()
#6 C:\wamp64\www\symox_ci\system\Common.php(1097): CodeIgniter\View\View->render('index', Array, true)
#7 C:\wamp64\www\symox_ci\app\Controllers\Home.php(13): view('index', Array)
#8 C:\wamp64\www\symox_ci\system\CodeIgniter.php(824): App\Controllers\Home->index()
#9 C:\wamp64\www\symox_ci\system\CodeIgniter.php(410): CodeIgniter\CodeIgniter->runController(Object(App\Controllers\Home))
#10 C:\wamp64\www\symox_ci\system\CodeIgniter.php(318): CodeIgniter\CodeIgniter->handleRequest(NULL, Object(Config\Cache), false)
#11 C:\wamp64\www\symox_ci\public\index.php(37): CodeIgniter\CodeIgniter->run()
#12 C:\wamp64\www\symox_ci\system\Commands\Server\rewrite.php(43): require_once('C:\\wamp64\\www\\s...')
#13 {main}
CRITICAL - 2021-11-24 03:09:57 --> Call to undefined function link_tag()
#0 C:\wamp64\www\symox_ci\system\View\View.php(214): include()
#1 C:\wamp64\www\symox_ci\system\View\View.php(217): CodeIgniter\View\View->CodeIgniter\View\{closure}()
#2 C:\wamp64\www\symox_ci\system\View\View.php(432): CodeIgniter\View\View->render('partials/head-c...', NULL, true)
#3 C:\wamp64\www\symox_ci\app\Views\index.php(7): CodeIgniter\View\View->include('partials/head-c...')
#4 C:\wamp64\www\symox_ci\system\View\View.php(214): include('C:\\wamp64\\www\\s...')
#5 C:\wamp64\www\symox_ci\system\View\View.php(217): CodeIgniter\View\View->CodeIgniter\View\{closure}()
#6 C:\wamp64\www\symox_ci\system\Common.php(1097): CodeIgniter\View\View->render('index', Array, true)
#7 C:\wamp64\www\symox_ci\app\Controllers\Home.php(13): view('index', Array)
#8 C:\wamp64\www\symox_ci\system\CodeIgniter.php(824): App\Controllers\Home->index()
#9 C:\wamp64\www\symox_ci\system\CodeIgniter.php(410): CodeIgniter\CodeIgniter->runController(Object(App\Controllers\Home))
#10 C:\wamp64\www\symox_ci\system\CodeIgniter.php(318): CodeIgniter\CodeIgniter->handleRequest(NULL, Object(Config\Cache), false)
#11 C:\wamp64\www\symox_ci\public\index.php(37): CodeIgniter\CodeIgniter->run()
#12 C:\wamp64\www\symox_ci\system\Commands\Server\rewrite.php(43): require_once('C:\\wamp64\\www\\s...')
#13 {main}
CRITICAL - 2021-11-24 03:10:22 --> Call to undefined function link_tag()
#0 C:\wamp64\www\symox_ci\system\View\View.php(214): include()
#1 C:\wamp64\www\symox_ci\system\View\View.php(217): CodeIgniter\View\View->CodeIgniter\View\{closure}()
#2 C:\wamp64\www\symox_ci\system\View\View.php(432): CodeIgniter\View\View->render('partials/head-c...', NULL, true)
#3 C:\wamp64\www\symox_ci\app\Views\index.php(7): CodeIgniter\View\View->include('partials/head-c...')
#4 C:\wamp64\www\symox_ci\system\View\View.php(214): include('C:\\wamp64\\www\\s...')
#5 C:\wamp64\www\symox_ci\system\View\View.php(217): CodeIgniter\View\View->CodeIgniter\View\{closure}()
#6 C:\wamp64\www\symox_ci\system\Common.php(1097): CodeIgniter\View\View->render('index', Array, true)
#7 C:\wamp64\www\symox_ci\app\Controllers\Home.php(13): view('index', Array)
#8 C:\wamp64\www\symox_ci\system\CodeIgniter.php(824): App\Controllers\Home->index()
#9 C:\wamp64\www\symox_ci\system\CodeIgniter.php(410): CodeIgniter\CodeIgniter->runController(Object(App\Controllers\Home))
#10 C:\wamp64\www\symox_ci\system\CodeIgniter.php(318): CodeIgniter\CodeIgniter->handleRequest(NULL, Object(Config\Cache), false)
#11 C:\wamp64\www\symox_ci\public\index.php(37): CodeIgniter\CodeIgniter->run()
#12 C:\wamp64\www\symox_ci\system\Commands\Server\rewrite.php(43): require_once('C:\\wamp64\\www\\s...')
#13 {main}
CRITICAL - 2021-11-24 03:10:23 --> Call to undefined function link_tag()
#0 C:\wamp64\www\symox_ci\system\View\View.php(214): include()
#1 C:\wamp64\www\symox_ci\system\View\View.php(217): CodeIgniter\View\View->CodeIgniter\View\{closure}()
#2 C:\wamp64\www\symox_ci\system\View\View.php(432): CodeIgniter\View\View->render('partials/head-c...', NULL, true)
#3 C:\wamp64\www\symox_ci\app\Views\index.php(7): CodeIgniter\View\View->include('partials/head-c...')
#4 C:\wamp64\www\symox_ci\system\View\View.php(214): include('C:\\wamp64\\www\\s...')
#5 C:\wamp64\www\symox_ci\system\View\View.php(217): CodeIgniter\View\View->CodeIgniter\View\{closure}()
#6 C:\wamp64\www\symox_ci\system\Common.php(1097): CodeIgniter\View\View->render('index', Array, true)
#7 C:\wamp64\www\symox_ci\app\Controllers\Home.php(13): view('index', Array)
#8 C:\wamp64\www\symox_ci\system\CodeIgniter.php(824): App\Controllers\Home->index()
#9 C:\wamp64\www\symox_ci\system\CodeIgniter.php(410): CodeIgniter\CodeIgniter->runController(Object(App\Controllers\Home))
#10 C:\wamp64\www\symox_ci\system\CodeIgniter.php(318): CodeIgniter\CodeIgniter->handleRequest(NULL, Object(Config\Cache), false)
#11 C:\wamp64\www\symox_ci\public\index.php(37): CodeIgniter\CodeIgniter->run()
#12 C:\wamp64\www\symox_ci\system\Commands\Server\rewrite.php(43): require_once('C:\\wamp64\\www\\s...')
#13 {main}
CRITICAL - 2021-11-24 03:10:23 --> Call to undefined function link_tag()
#0 C:\wamp64\www\symox_ci\system\View\View.php(214): include()
#1 C:\wamp64\www\symox_ci\system\View\View.php(217): CodeIgniter\View\View->CodeIgniter\View\{closure}()
#2 C:\wamp64\www\symox_ci\system\View\View.php(432): CodeIgniter\View\View->render('partials/head-c...', NULL, true)
#3 C:\wamp64\www\symox_ci\app\Views\index.php(7): CodeIgniter\View\View->include('partials/head-c...')
#4 C:\wamp64\www\symox_ci\system\View\View.php(214): include('C:\\wamp64\\www\\s...')
#5 C:\wamp64\www\symox_ci\system\View\View.php(217): CodeIgniter\View\View->CodeIgniter\View\{closure}()
#6 C:\wamp64\www\symox_ci\system\Common.php(1097): CodeIgniter\View\View->render('index', Array, true)
#7 C:\wamp64\www\symox_ci\app\Controllers\Home.php(13): view('index', Array)
#8 C:\wamp64\www\symox_ci\system\CodeIgniter.php(824): App\Controllers\Home->index()
#9 C:\wamp64\www\symox_ci\system\CodeIgniter.php(410): CodeIgniter\CodeIgniter->runController(Object(App\Controllers\Home))
#10 C:\wamp64\www\symox_ci\system\CodeIgniter.php(318): CodeIgniter\CodeIgniter->handleRequest(NULL, Object(Config\Cache), false)
#11 C:\wamp64\www\symox_ci\public\index.php(37): CodeIgniter\CodeIgniter->run()
#12 C:\wamp64\www\symox_ci\system\Commands\Server\rewrite.php(43): require_once('C:\\wamp64\\www\\s...')
#13 {main}
CRITICAL - 2021-11-24 04:49:24 --> Invalid file: ecommerce-checkout.php
#0 C:\wamp64\www\symox_ci\system\View\View.php(198): CodeIgniter\Exceptions\FrameworkException::forInvalidFile('ecommerce-check...')
#1 C:\wamp64\www\symox_ci\system\Common.php(1097): CodeIgniter\View\View->render('ecommerce-check...', Array, true)
#2 C:\wamp64\www\symox_ci\app\Controllers\AppController.php(86): view('ecommerce-check...', Array)
#3 C:\wamp64\www\symox_ci\system\CodeIgniter.php(824): App\Controllers\AppController->ecommerce_checkout()
#4 C:\wamp64\www\symox_ci\system\CodeIgniter.php(410): CodeIgniter\CodeIgniter->runController(Object(App\Controllers\AppController))
#5 C:\wamp64\www\symox_ci\system\CodeIgniter.php(318): CodeIgniter\CodeIgniter->handleRequest(NULL, Object(Config\Cache), false)
#6 C:\wamp64\www\symox_ci\public\index.php(37): CodeIgniter\CodeIgniter->run()
#7 C:\wamp64\www\symox_ci\system\Commands\Server\rewrite.php(43): require_once('C:\\wamp64\\www\\s...')
#8 {main}
CRITICAL - 2021-11-24 05:48:52 --> syntax error, unexpected '->' (T_OBJECT_OPERATOR), expecting ';' or ','
#0 C:\wamp64\www\symox_ci\system\View\View.php(217): CodeIgniter\View\View->CodeIgniter\View\{closure}()
#1 C:\wamp64\www\symox_ci\system\Common.php(1097): CodeIgniter\View\View->render('ui-buttons', Array, true)
#2 C:\wamp64\www\symox_ci\app\Controllers\ComponentController.php(23): view('ui-buttons', Array)
#3 C:\wamp64\www\symox_ci\system\CodeIgniter.php(824): App\Controllers\ComponentController->ui_buttons()
#4 C:\wamp64\www\symox_ci\system\CodeIgniter.php(410): CodeIgniter\CodeIgniter->runController(Object(App\Controllers\ComponentController))
#5 C:\wamp64\www\symox_ci\system\CodeIgniter.php(318): CodeIgniter\CodeIgniter->handleRequest(NULL, Object(Config\Cache), false)
#6 C:\wamp64\www\symox_ci\public\index.php(37): CodeIgniter\CodeIgniter->run()
#7 C:\wamp64\www\symox_ci\system\Commands\Server\rewrite.php(43): require_once('C:\\wamp64\\www\\s...')
#8 {main}
CRITICAL - 2021-11-24 05:49:07 --> syntax error, unexpected '->' (T_OBJECT_OPERATOR), expecting ';' or ','
#0 C:\wamp64\www\symox_ci\system\View\View.php(217): CodeIgniter\View\View->CodeIgniter\View\{closure}()
#1 C:\wamp64\www\symox_ci\system\Common.php(1097): CodeIgniter\View\View->render('ui-buttons', Array, true)
#2 C:\wamp64\www\symox_ci\app\Controllers\ComponentController.php(23): view('ui-buttons', Array)
#3 C:\wamp64\www\symox_ci\system\CodeIgniter.php(824): App\Controllers\ComponentController->ui_buttons()
#4 C:\wamp64\www\symox_ci\system\CodeIgniter.php(410): CodeIgniter\CodeIgniter->runController(Object(App\Controllers\ComponentController))
#5 C:\wamp64\www\symox_ci\system\CodeIgniter.php(318): CodeIgniter\CodeIgniter->handleRequest(NULL, Object(Config\Cache), false)
#6 C:\wamp64\www\symox_ci\public\index.php(37): CodeIgniter\CodeIgniter->run()
#7 C:\wamp64\www\symox_ci\system\Commands\Server\rewrite.php(43): require_once('C:\\wamp64\\www\\s...')
#8 {main}
CRITICAL - 2021-11-24 05:50:06 --> syntax error, unexpected '->' (T_OBJECT_OPERATOR), expecting ';' or ','
#0 C:\wamp64\www\symox_ci\system\View\View.php(217): CodeIgniter\View\View->CodeIgniter\View\{closure}()
#1 C:\wamp64\www\symox_ci\system\Common.php(1097): CodeIgniter\View\View->render('ui-buttons', Array, true)
#2 C:\wamp64\www\symox_ci\app\Controllers\ComponentController.php(23): view('ui-buttons', Array)
#3 C:\wamp64\www\symox_ci\system\CodeIgniter.php(824): App\Controllers\ComponentController->ui_buttons()
#4 C:\wamp64\www\symox_ci\system\CodeIgniter.php(410): CodeIgniter\CodeIgniter->runController(Object(App\Controllers\ComponentController))
#5 C:\wamp64\www\symox_ci\system\CodeIgniter.php(318): CodeIgniter\CodeIgniter->handleRequest(NULL, Object(Config\Cache), false)
#6 C:\wamp64\www\symox_ci\public\index.php(37): CodeIgniter\CodeIgniter->run()
#7 C:\wamp64\www\symox_ci\system\Commands\Server\rewrite.php(43): require_once('C:\\wamp64\\www\\s...')
#8 {main}
CRITICAL - 2021-11-24 05:50:27 --> syntax error, unexpected '->' (T_OBJECT_OPERATOR), expecting ';' or ','
#0 C:\wamp64\www\symox_ci\system\View\View.php(217): CodeIgniter\View\View->CodeIgniter\View\{closure}()
#1 C:\wamp64\www\symox_ci\system\Common.php(1097): CodeIgniter\View\View->render('ui-buttons', Array, true)
#2 C:\wamp64\www\symox_ci\app\Controllers\ComponentController.php(23): view('ui-buttons', Array)
#3 C:\wamp64\www\symox_ci\system\CodeIgniter.php(824): App\Controllers\ComponentController->ui_buttons()
#4 C:\wamp64\www\symox_ci\system\CodeIgniter.php(410): CodeIgniter\CodeIgniter->runController(Object(App\Controllers\ComponentController))
#5 C:\wamp64\www\symox_ci\system\CodeIgniter.php(318): CodeIgniter\CodeIgniter->handleRequest(NULL, Object(Config\Cache), false)
#6 C:\wamp64\www\symox_ci\public\index.php(37): CodeIgniter\CodeIgniter->run()
#7 C:\wamp64\www\symox_ci\system\Commands\Server\rewrite.php(43): require_once('C:\\wamp64\\www\\s...')
#8 {main}
CRITICAL - 2021-11-24 05:50:27 --> syntax error, unexpected '->' (T_OBJECT_OPERATOR), expecting ';' or ','
#0 C:\wamp64\www\symox_ci\system\View\View.php(217): CodeIgniter\View\View->CodeIgniter\View\{closure}()
#1 C:\wamp64\www\symox_ci\system\Common.php(1097): CodeIgniter\View\View->render('ui-buttons', Array, true)
#2 C:\wamp64\www\symox_ci\app\Controllers\ComponentController.php(23): view('ui-buttons', Array)
#3 C:\wamp64\www\symox_ci\system\CodeIgniter.php(824): App\Controllers\ComponentController->ui_buttons()
#4 C:\wamp64\www\symox_ci\system\CodeIgniter.php(410): CodeIgniter\CodeIgniter->runController(Object(App\Controllers\ComponentController))
#5 C:\wamp64\www\symox_ci\system\CodeIgniter.php(318): CodeIgniter\CodeIgniter->handleRequest(NULL, Object(Config\Cache), false)
#6 C:\wamp64\www\symox_ci\public\index.php(37): CodeIgniter\CodeIgniter->run()
#7 C:\wamp64\www\symox_ci\system\Commands\Server\rewrite.php(43): require_once('C:\\wamp64\\www\\s...')
#8 {main}
CRITICAL - 2021-11-24 05:50:33 --> syntax error, unexpected '->' (T_OBJECT_OPERATOR), expecting ';' or ','
#0 C:\wamp64\www\symox_ci\system\View\View.php(217): CodeIgniter\View\View->CodeIgniter\View\{closure}()
#1 C:\wamp64\www\symox_ci\system\Common.php(1097): CodeIgniter\View\View->render('ui-buttons', Array, true)
#2 C:\wamp64\www\symox_ci\app\Controllers\ComponentController.php(23): view('ui-buttons', Array)
#3 C:\wamp64\www\symox_ci\system\CodeIgniter.php(824): App\Controllers\ComponentController->ui_buttons()
#4 C:\wamp64\www\symox_ci\system\CodeIgniter.php(410): CodeIgniter\CodeIgniter->runController(Object(App\Controllers\ComponentController))
#5 C:\wamp64\www\symox_ci\system\CodeIgniter.php(318): CodeIgniter\CodeIgniter->handleRequest(NULL, Object(Config\Cache), false)
#6 C:\wamp64\www\symox_ci\public\index.php(37): CodeIgniter\CodeIgniter->run()
#7 C:\wamp64\www\symox_ci\system\Commands\Server\rewrite.php(43): require_once('C:\\wamp64\\www\\s...')
#8 {main}
CRITICAL - 2021-11-24 05:50:45 --> syntax error, unexpected '->' (T_OBJECT_OPERATOR), expecting ';' or ','
#0 C:\wamp64\www\symox_ci\system\View\View.php(217): CodeIgniter\View\View->CodeIgniter\View\{closure}()
#1 C:\wamp64\www\symox_ci\system\Common.php(1097): CodeIgniter\View\View->render('ui-buttons', Array, true)
#2 C:\wamp64\www\symox_ci\app\Controllers\ComponentController.php(23): view('ui-buttons', Array)
#3 C:\wamp64\www\symox_ci\system\CodeIgniter.php(824): App\Controllers\ComponentController->ui_buttons()
#4 C:\wamp64\www\symox_ci\system\CodeIgniter.php(410): CodeIgniter\CodeIgniter->runController(Object(App\Controllers\ComponentController))
#5 C:\wamp64\www\symox_ci\system\CodeIgniter.php(318): CodeIgniter\CodeIgniter->handleRequest(NULL, Object(Config\Cache), false)
#6 C:\wamp64\www\symox_ci\public\index.php(37): CodeIgniter\CodeIgniter->run()
#7 C:\wamp64\www\symox_ci\system\Commands\Server\rewrite.php(43): require_once('C:\\wamp64\\www\\s...')
#8 {main}
CRITICAL - 2021-11-24 06:33:39 --> syntax error, unexpected '$routes' (T_VARIABLE)
#0 C:\wamp64\www\symox_ci\system\CodeIgniter.php(359): CodeIgniter\CodeIgniter->tryToRouteIt(NULL)
#1 C:\wamp64\www\symox_ci\system\CodeIgniter.php(318): CodeIgniter\CodeIgniter->handleRequest(NULL, Object(Config\Cache), false)
#2 C:\wamp64\www\symox_ci\public\index.php(37): CodeIgniter\CodeIgniter->run()
#3 C:\wamp64\www\symox_ci\system\Commands\Server\rewrite.php(43): require_once('C:\\wamp64\\www\\s...')
#4 {main}
CRITICAL - 2021-11-24 06:33:41 --> syntax error, unexpected '$routes' (T_VARIABLE)
#0 C:\wamp64\www\symox_ci\system\CodeIgniter.php(359): CodeIgniter\CodeIgniter->tryToRouteIt(NULL)
#1 C:\wamp64\www\symox_ci\system\CodeIgniter.php(318): CodeIgniter\CodeIgniter->handleRequest(NULL, Object(Config\Cache), false)
#2 C:\wamp64\www\symox_ci\public\index.php(37): CodeIgniter\CodeIgniter->run()
#3 C:\wamp64\www\symox_ci\system\Commands\Server\rewrite.php(43): require_once('C:\\wamp64\\www\\s...')
#4 {main}
CRITICAL - 2021-11-24 06:33:42 --> syntax error, unexpected '$routes' (T_VARIABLE)
#0 C:\wamp64\www\symox_ci\system\CodeIgniter.php(359): CodeIgniter\CodeIgniter->tryToRouteIt(NULL)
#1 C:\wamp64\www\symox_ci\system\CodeIgniter.php(318): CodeIgniter\CodeIgniter->handleRequest(NULL, Object(Config\Cache), false)
#2 C:\wamp64\www\symox_ci\public\index.php(37): CodeIgniter\CodeIgniter->run()
#3 C:\wamp64\www\symox_ci\system\Commands\Server\rewrite.php(43): require_once('C:\\wamp64\\www\\s...')
#4 {main}
CRITICAL - 2021-11-24 06:33:42 --> syntax error, unexpected '$routes' (T_VARIABLE)
#0 C:\wamp64\www\symox_ci\system\CodeIgniter.php(359): CodeIgniter\CodeIgniter->tryToRouteIt(NULL)
#1 C:\wamp64\www\symox_ci\system\CodeIgniter.php(318): CodeIgniter\CodeIgniter->handleRequest(NULL, Object(Config\Cache), false)
#2 C:\wamp64\www\symox_ci\public\index.php(37): CodeIgniter\CodeIgniter->run()
#3 C:\wamp64\www\symox_ci\system\Commands\Server\rewrite.php(43): require_once('C:\\wamp64\\www\\s...')
#4 {main}
CRITICAL - 2021-11-24 06:33:43 --> syntax error, unexpected '$routes' (T_VARIABLE)
#0 C:\wamp64\www\symox_ci\system\CodeIgniter.php(359): CodeIgniter\CodeIgniter->tryToRouteIt(NULL)
#1 C:\wamp64\www\symox_ci\system\CodeIgniter.php(318): CodeIgniter\CodeIgniter->handleRequest(NULL, Object(Config\Cache), false)
#2 C:\wamp64\www\symox_ci\public\index.php(37): CodeIgniter\CodeIgniter->run()
#3 C:\wamp64\www\symox_ci\system\Commands\Server\rewrite.php(43): require_once('C:\\wamp64\\www\\s...')
#4 {main}
CRITICAL - 2021-11-24 06:33:43 --> syntax error, unexpected '$routes' (T_VARIABLE)
#0 C:\wamp64\www\symox_ci\system\CodeIgniter.php(359): CodeIgniter\CodeIgniter->tryToRouteIt(NULL)
#1 C:\wamp64\www\symox_ci\system\CodeIgniter.php(318): CodeIgniter\CodeIgniter->handleRequest(NULL, Object(Config\Cache), false)
#2 C:\wamp64\www\symox_ci\public\index.php(37): CodeIgniter\CodeIgniter->run()
#3 C:\wamp64\www\symox_ci\system\Commands\Server\rewrite.php(43): require_once('C:\\wamp64\\www\\s...')
#4 {main}
CRITICAL - 2021-11-24 22:13:23 --> Invalid file: main/footer.php
#0 C:\wamp64\www\symox_ci\system\View\View.php(198): CodeIgniter\Exceptions\FrameworkException::forInvalidFile('main/footer.php')
#1 C:\wamp64\www\symox_ci\system\View\View.php(432): CodeIgniter\View\View->render('main/footer', NULL, true)
#2 C:\wamp64\www\symox_ci\app\Views\ui-typography.php(1): CodeIgniter\View\View->include('main/footer')
#3 C:\wamp64\www\symox_ci\system\View\View.php(214): include('C:\\wamp64\\www\\s...')
#4 C:\wamp64\www\symox_ci\system\View\View.php(217): CodeIgniter\View\View->CodeIgniter\View\{closure}()
#5 C:\wamp64\www\symox_ci\system\Common.php(1097): CodeIgniter\View\View->render('ui-typography', Array, true)
#6 C:\wamp64\www\symox_ci\app\Controllers\ComponentController.php(111): view('ui-typography', Array)
#7 C:\wamp64\www\symox_ci\system\CodeIgniter.php(824): App\Controllers\ComponentController->ui_typography()
#8 C:\wamp64\www\symox_ci\system\CodeIgniter.php(410): CodeIgniter\CodeIgniter->runController(Object(App\Controllers\ComponentController))
#9 C:\wamp64\www\symox_ci\system\CodeIgniter.php(318): CodeIgniter\CodeIgniter->handleRequest(NULL, Object(Config\Cache), false)
#10 C:\wamp64\www\symox_ci\public\index.php(37): CodeIgniter\CodeIgniter->run()
#11 C:\wamp64\www\symox_ci\system\Commands\Server\rewrite.php(43): require_once('C:\\wamp64\\www\\s...')
#12 {main}
CRITICAL - 2021-11-24 22:13:54 --> Invalid file: main/footer.php
#0 C:\wamp64\www\symox_ci\system\View\View.php(198): CodeIgniter\Exceptions\FrameworkException::forInvalidFile('main/footer.php')
#1 C:\wamp64\www\symox_ci\system\View\View.php(432): CodeIgniter\View\View->render('main/footer', NULL, true)
#2 C:\wamp64\www\symox_ci\app\Views\ui-typography.php(1): CodeIgniter\View\View->include('main/footer')
#3 C:\wamp64\www\symox_ci\system\View\View.php(214): include('C:\\wamp64\\www\\s...')
#4 C:\wamp64\www\symox_ci\system\View\View.php(217): CodeIgniter\View\View->CodeIgniter\View\{closure}()
#5 C:\wamp64\www\symox_ci\system\Common.php(1097): CodeIgniter\View\View->render('ui-typography', Array, true)
#6 C:\wamp64\www\symox_ci\app\Controllers\ComponentController.php(111): view('ui-typography', Array)
#7 C:\wamp64\www\symox_ci\system\CodeIgniter.php(824): App\Controllers\ComponentController->ui_typography()
#8 C:\wamp64\www\symox_ci\system\CodeIgniter.php(410): CodeIgniter\CodeIgniter->runController(Object(App\Controllers\ComponentController))
#9 C:\wamp64\www\symox_ci\system\CodeIgniter.php(318): CodeIgniter\CodeIgniter->handleRequest(NULL, Object(Config\Cache), false)
#10 C:\wamp64\www\symox_ci\public\index.php(37): CodeIgniter\CodeIgniter->run()
#11 C:\wamp64\www\symox_ci\system\Commands\Server\rewrite.php(43): require_once('C:\\wamp64\\www\\s...')
#12 {main}
CRITICAL - 2021-11-24 22:13:55 --> Invalid file: main/footer.php
#0 C:\wamp64\www\symox_ci\system\View\View.php(198): CodeIgniter\Exceptions\FrameworkException::forInvalidFile('main/footer.php')
#1 C:\wamp64\www\symox_ci\system\View\View.php(432): CodeIgniter\View\View->render('main/footer', NULL, true)
#2 C:\wamp64\www\symox_ci\app\Views\ui-typography.php(1): CodeIgniter\View\View->include('main/footer')
#3 C:\wamp64\www\symox_ci\system\View\View.php(214): include('C:\\wamp64\\www\\s...')
#4 C:\wamp64\www\symox_ci\system\View\View.php(217): CodeIgniter\View\View->CodeIgniter\View\{closure}()
#5 C:\wamp64\www\symox_ci\system\Common.php(1097): CodeIgniter\View\View->render('ui-typography', Array, true)
#6 C:\wamp64\www\symox_ci\app\Controllers\ComponentController.php(111): view('ui-typography', Array)
#7 C:\wamp64\www\symox_ci\system\CodeIgniter.php(824): App\Controllers\ComponentController->ui_typography()
#8 C:\wamp64\www\symox_ci\system\CodeIgniter.php(410): CodeIgniter\CodeIgniter->runController(Object(App\Controllers\ComponentController))
#9 C:\wamp64\www\symox_ci\system\CodeIgniter.php(318): CodeIgniter\CodeIgniter->handleRequest(NULL, Object(Config\Cache), false)
#10 C:\wamp64\www\symox_ci\public\index.php(37): CodeIgniter\CodeIgniter->run()
#11 C:\wamp64\www\symox_ci\system\Commands\Server\rewrite.php(43): require_once('C:\\wamp64\\www\\s...')
#12 {main}
CRITICAL - 2021-11-24 22:13:55 --> Invalid file: main/footer.php
#0 C:\wamp64\www\symox_ci\system\View\View.php(198): CodeIgniter\Exceptions\FrameworkException::forInvalidFile('main/footer.php')
#1 C:\wamp64\www\symox_ci\system\View\View.php(432): CodeIgniter\View\View->render('main/footer', NULL, true)
#2 C:\wamp64\www\symox_ci\app\Views\ui-typography.php(1): CodeIgniter\View\View->include('main/footer')
#3 C:\wamp64\www\symox_ci\system\View\View.php(214): include('C:\\wamp64\\www\\s...')
#4 C:\wamp64\www\symox_ci\system\View\View.php(217): CodeIgniter\View\View->CodeIgniter\View\{closure}()
#5 C:\wamp64\www\symox_ci\system\Common.php(1097): CodeIgniter\View\View->render('ui-typography', Array, true)
#6 C:\wamp64\www\symox_ci\app\Controllers\ComponentController.php(111): view('ui-typography', Array)
#7 C:\wamp64\www\symox_ci\system\CodeIgniter.php(824): App\Controllers\ComponentController->ui_typography()
#8 C:\wamp64\www\symox_ci\system\CodeIgniter.php(410): CodeIgniter\CodeIgniter->runController(Object(App\Controllers\ComponentController))
#9 C:\wamp64\www\symox_ci\system\CodeIgniter.php(318): CodeIgniter\CodeIgniter->handleRequest(NULL, Object(Config\Cache), false)
#10 C:\wamp64\www\symox_ci\public\index.php(37): CodeIgniter\CodeIgniter->run()
#11 C:\wamp64\www\symox_ci\system\Commands\Server\rewrite.php(43): require_once('C:\\wamp64\\www\\s...')
#12 {main}
CRITICAL - 2021-11-24 22:14:08 --> Invalid file: main/footer.php
#0 C:\wamp64\www\symox_ci\system\View\View.php(198): CodeIgniter\Exceptions\FrameworkException::forInvalidFile('main/footer.php')
#1 C:\wamp64\www\symox_ci\system\View\View.php(432): CodeIgniter\View\View->render('main/footer', NULL, true)
#2 C:\wamp64\www\symox_ci\app\Views\ui-typography.php(1): CodeIgniter\View\View->include('main/footer')
#3 C:\wamp64\www\symox_ci\system\View\View.php(214): include('C:\\wamp64\\www\\s...')
#4 C:\wamp64\www\symox_ci\system\View\View.php(217): CodeIgniter\View\View->CodeIgniter\View\{closure}()
#5 C:\wamp64\www\symox_ci\system\Common.php(1097): CodeIgniter\View\View->render('ui-typography', Array, true)
#6 C:\wamp64\www\symox_ci\app\Controllers\ComponentController.php(111): view('ui-typography', Array)
#7 C:\wamp64\www\symox_ci\system\CodeIgniter.php(824): App\Controllers\ComponentController->ui_typography()
#8 C:\wamp64\www\symox_ci\system\CodeIgniter.php(410): CodeIgniter\CodeIgniter->runController(Object(App\Controllers\ComponentController))
#9 C:\wamp64\www\symox_ci\system\CodeIgniter.php(318): CodeIgniter\CodeIgniter->handleRequest(NULL, Object(Config\Cache), false)
#10 C:\wamp64\www\symox_ci\public\index.php(37): CodeIgniter\CodeIgniter->run()
#11 C:\wamp64\www\symox_ci\system\Commands\Server\rewrite.php(43): require_once('C:\\wamp64\\www\\s...')
#12 {main}
CRITICAL - 2021-11-24 22:14:34 --> Invalid file: main/main.php
#0 C:\wamp64\www\symox_ci\system\View\View.php(198): CodeIgniter\Exceptions\FrameworkException::forInvalidFile('main/main.php')
#1 C:\wamp64\www\symox_ci\system\View\View.php(432): CodeIgniter\View\View->render('main/main', NULL, true)
#2 C:\wamp64\www\symox_ci\app\Views\ui-typography.php(1): CodeIgniter\View\View->include('main/main')
#3 C:\wamp64\www\symox_ci\system\View\View.php(214): include('C:\\wamp64\\www\\s...')
#4 C:\wamp64\www\symox_ci\system\View\View.php(217): CodeIgniter\View\View->CodeIgniter\View\{closure}()
#5 C:\wamp64\www\symox_ci\system\Common.php(1097): CodeIgniter\View\View->render('ui-typography', Array, true)
#6 C:\wamp64\www\symox_ci\app\Controllers\ComponentController.php(111): view('ui-typography', Array)
#7 C:\wamp64\www\symox_ci\system\CodeIgniter.php(824): App\Controllers\ComponentController->ui_typography()
#8 C:\wamp64\www\symox_ci\system\CodeIgniter.php(410): CodeIgniter\CodeIgniter->runController(Object(App\Controllers\ComponentController))
#9 C:\wamp64\www\symox_ci\system\CodeIgniter.php(318): CodeIgniter\CodeIgniter->handleRequest(NULL, Object(Config\Cache), false)
#10 C:\wamp64\www\symox_ci\public\index.php(37): CodeIgniter\CodeIgniter->run()
#11 C:\wamp64\www\symox_ci\system\Commands\Server\rewrite.php(43): require_once('C:\\wamp64\\www\\s...')
#12 {main}
