CRITICAL - 2021-12-03 05:25:34 --> syntax error, unexpected 'print_r' (T_STRING)
#0 C:\wamp64\www\symox_ci\system\Autoloader\Autoloader.php(241): CodeIgniter\Autoloader\Autoloader->includeFile('C:\\wamp64\\www\\s...')
#1 C:\wamp64\www\symox_ci\system\Autoloader\Autoloader.php(219): CodeIgniter\Autoloader\Autoloader->loadInNamespace('App\\Controllers...')
#2 [internal function]: CodeIgniter\Autoloader\Autoloader->loadClass('App\\Controllers...')
#3 [internal function]: spl_autoload_call('App\\Controllers...')
#4 C:\wamp64\www\symox_ci\system\CodeIgniter.php(789): class_exists('\\App\\Controller...', true)
#5 C:\wamp64\www\symox_ci\system\CodeIgniter.php(397): CodeIgniter\CodeIgniter->startController()
#6 C:\wamp64\www\symox_ci\system\CodeIgniter.php(318): CodeIgniter\CodeIgniter->handleRequest(NULL, Object(Config\Cache), false)
#7 C:\wamp64\www\symox_ci\public\index.php(37): CodeIgniter\CodeIgniter->run()
#8 C:\wamp64\www\symox_ci\system\Commands\Server\rewrite.php(43): require_once('C:\\wamp64\\www\\s...')
#9 {main}
CRITICAL - 2021-12-03 05:29:49 --> Illegal string offset 'name'
#0 C:\wamp64\www\symox_ci\app\Controllers\ContactController.php(72): CodeIgniter\Debug\Exceptions->errorHandler(2, 'Illegal string ...', 'C:\\wamp64\\www\\s...', 72, Array)
#1 C:\wamp64\www\symox_ci\system\CodeIgniter.php(824): App\Controllers\ContactController->add_update()
#2 C:\wamp64\www\symox_ci\system\CodeIgniter.php(410): CodeIgniter\CodeIgniter->runController(Object(App\Controllers\ContactController))
#3 C:\wamp64\www\symox_ci\system\CodeIgniter.php(318): CodeIgniter\CodeIgniter->handleRequest(NULL, Object(Config\Cache), false)
#4 C:\wamp64\www\symox_ci\public\index.php(37): CodeIgniter\CodeIgniter->run()
#5 C:\wamp64\www\symox_ci\system\Commands\Server\rewrite.php(43): require_once('C:\\wamp64\\www\\s...')
#6 {main}
CRITICAL - 2021-12-03 05:37:45 --> syntax error, unexpected ';', expecting ')'
#0 C:\wamp64\www\symox_ci\system\Autoloader\Autoloader.php(241): CodeIgniter\Autoloader\Autoloader->includeFile('C:\\wamp64\\www\\s...')
#1 C:\wamp64\www\symox_ci\system\Autoloader\Autoloader.php(219): CodeIgniter\Autoloader\Autoloader->loadInNamespace('App\\Controllers...')
#2 [internal function]: CodeIgniter\Autoloader\Autoloader->loadClass('App\\Controllers...')
#3 [internal function]: spl_autoload_call('App\\Controllers...')
#4 C:\wamp64\www\symox_ci\system\CodeIgniter.php(789): class_exists('\\App\\Controller...', true)
#5 C:\wamp64\www\symox_ci\system\CodeIgniter.php(397): CodeIgniter\CodeIgniter->startController()
#6 C:\wamp64\www\symox_ci\system\CodeIgniter.php(318): CodeIgniter\CodeIgniter->handleRequest(NULL, Object(Config\Cache), false)
#7 C:\wamp64\www\symox_ci\public\index.php(37): CodeIgniter\CodeIgniter->run()
#8 C:\wamp64\www\symox_ci\system\Commands\Server\rewrite.php(43): require_once('C:\\wamp64\\www\\s...')
#9 {main}
CRITICAL - 2021-12-03 05:37:58 --> syntax error, unexpected ';', expecting ')'
#0 C:\wamp64\www\symox_ci\system\Autoloader\Autoloader.php(241): CodeIgniter\Autoloader\Autoloader->includeFile('C:\\wamp64\\www\\s...')
#1 C:\wamp64\www\symox_ci\system\Autoloader\Autoloader.php(219): CodeIgniter\Autoloader\Autoloader->loadInNamespace('App\\Controllers...')
#2 [internal function]: CodeIgniter\Autoloader\Autoloader->loadClass('App\\Controllers...')
#3 [internal function]: spl_autoload_call('App\\Controllers...')
#4 C:\wamp64\www\symox_ci\system\CodeIgniter.php(789): class_exists('\\App\\Controller...', true)
#5 C:\wamp64\www\symox_ci\system\CodeIgniter.php(397): CodeIgniter\CodeIgniter->startController()
#6 C:\wamp64\www\symox_ci\system\CodeIgniter.php(318): CodeIgniter\CodeIgniter->handleRequest(NULL, Object(Config\Cache), false)
#7 C:\wamp64\www\symox_ci\public\index.php(37): CodeIgniter\CodeIgniter->run()
#8 C:\wamp64\www\symox_ci\system\Commands\Server\rewrite.php(43): require_once('C:\\wamp64\\www\\s...')
#9 {main}
CRITICAL - 2021-12-03 05:43:57 --> ini_set(): Headers already sent. You cannot change the session module's ini settings at this time
#0 [internal function]: CodeIgniter\Debug\Exceptions->errorHandler(2, 'ini_set(): Head...', 'C:\\wamp64\\www\\s...', 71, Array)
#1 C:\wamp64\www\symox_ci\system\Session\Handlers\FileHandler.php(71): ini_set('session.save_pa...', 'C:\\wamp64\\www\\s...')
#2 C:\wamp64\www\symox_ci\system\Config\Services.php(570): CodeIgniter\Session\Handlers\FileHandler->__construct(Object(Config\App), '::1')
#3 C:\wamp64\www\symox_ci\system\Config\BaseService.php(248): CodeIgniter\Config\Services::session(Object(Config\App), false)
#4 C:\wamp64\www\symox_ci\system\Config\BaseService.php(189): CodeIgniter\Config\BaseService::__callStatic('session', Array)
#5 C:\wamp64\www\symox_ci\system\Config\Services.php(563): CodeIgniter\Config\BaseService::getSharedInstance('session', NULL)
#6 C:\wamp64\www\symox_ci\system\Config\BaseService.php(248): CodeIgniter\Config\Services::session()
#7 C:\wamp64\www\symox_ci\system\Common.php(909): CodeIgniter\Config\BaseService::__callStatic('session', Array)
#8 C:\wamp64\www\symox_ci\app\Filters\AuthCheck.php(13): session()
#9 C:\wamp64\www\symox_ci\system\Filters\Filters.php(173): App\Filters\AuthCheck->before(Object(CodeIgniter\HTTP\IncomingRequest), NULL)
#10 C:\wamp64\www\symox_ci\system\CodeIgniter.php(384): CodeIgniter\Filters\Filters->run('contact-add', 'before')
#11 C:\wamp64\www\symox_ci\system\CodeIgniter.php(318): CodeIgniter\CodeIgniter->handleRequest(NULL, Object(Config\Cache), false)
#12 C:\wamp64\www\symox_ci\public\index.php(37): CodeIgniter\CodeIgniter->run()
#13 C:\wamp64\www\symox_ci\system\Commands\Server\rewrite.php(43): require_once('C:\\wamp64\\www\\s...')
#14 {main}
CRITICAL - 2021-12-03 05:43:57 --> Uncaught ErrorException: Cannot modify header information - headers already sent by (output started at C:\wamp64\www\symox_ci\app\Config\Events.php:32) in C:\wamp64\www\symox_ci\system\Debug\Exceptions.php:107
Stack trace:
#0 [internal function]: CodeIgniter\Debug\Exceptions->errorHandler(2, 'Cannot modify h...', 'C:\\wamp64\\www\\s...', 107, Array)
#1 C:\wamp64\www\symox_ci\system\Debug\Exceptions.php(107): header('HTTP/1.1 500 In...', true, 500)
#2 [internal function]: CodeIgniter\Debug\Exceptions->exceptionHandler(Object(ErrorException))
#3 {main}
  thrown
#0 [internal function]: CodeIgniter\Debug\Exceptions->shutdownHandler()
#1 {main}
CRITICAL - 2021-12-03 05:44:34 --> ini_set(): Headers already sent. You cannot change the session module's ini settings at this time
#0 [internal function]: CodeIgniter\Debug\Exceptions->errorHandler(2, 'ini_set(): Head...', 'C:\\wamp64\\www\\s...', 71, Array)
#1 C:\wamp64\www\symox_ci\system\Session\Handlers\FileHandler.php(71): ini_set('session.save_pa...', 'C:\\wamp64\\www\\s...')
#2 C:\wamp64\www\symox_ci\system\Config\Services.php(570): CodeIgniter\Session\Handlers\FileHandler->__construct(Object(Config\App), '::1')
#3 C:\wamp64\www\symox_ci\system\Config\BaseService.php(248): CodeIgniter\Config\Services::session(Object(Config\App), false)
#4 C:\wamp64\www\symox_ci\system\Config\BaseService.php(189): CodeIgniter\Config\BaseService::__callStatic('session', Array)
#5 C:\wamp64\www\symox_ci\system\Config\Services.php(563): CodeIgniter\Config\BaseService::getSharedInstance('session', NULL)
#6 C:\wamp64\www\symox_ci\system\Config\BaseService.php(248): CodeIgniter\Config\Services::session()
#7 C:\wamp64\www\symox_ci\system\Common.php(909): CodeIgniter\Config\BaseService::__callStatic('session', Array)
#8 C:\wamp64\www\symox_ci\app\Filters\AuthCheck.php(13): session()
#9 C:\wamp64\www\symox_ci\system\Filters\Filters.php(173): App\Filters\AuthCheck->before(Object(CodeIgniter\HTTP\IncomingRequest), NULL)
#10 C:\wamp64\www\symox_ci\system\CodeIgniter.php(384): CodeIgniter\Filters\Filters->run('contact-add', 'before')
#11 C:\wamp64\www\symox_ci\system\CodeIgniter.php(318): CodeIgniter\CodeIgniter->handleRequest(NULL, Object(Config\Cache), false)
#12 C:\wamp64\www\symox_ci\public\index.php(37): CodeIgniter\CodeIgniter->run()
#13 C:\wamp64\www\symox_ci\system\Commands\Server\rewrite.php(43): require_once('C:\\wamp64\\www\\s...')
#14 {main}
CRITICAL - 2021-12-03 05:44:34 --> Uncaught ErrorException: Cannot modify header information - headers already sent by (output started at C:\wamp64\www\symox_ci\app\Config\Events.php:32) in C:\wamp64\www\symox_ci\system\Debug\Exceptions.php:107
Stack trace:
#0 [internal function]: CodeIgniter\Debug\Exceptions->errorHandler(2, 'Cannot modify h...', 'C:\\wamp64\\www\\s...', 107, Array)
#1 C:\wamp64\www\symox_ci\system\Debug\Exceptions.php(107): header('HTTP/1.1 500 In...', true, 500)
#2 [internal function]: CodeIgniter\Debug\Exceptions->exceptionHandler(Object(ErrorException))
#3 {main}
  thrown
#0 [internal function]: CodeIgniter\Debug\Exceptions->shutdownHandler()
#1 {main}
CRITICAL - 2021-12-03 05:51:07 --> ini_set(): Headers already sent. You cannot change the session module's ini settings at this time
#0 [internal function]: CodeIgniter\Debug\Exceptions->errorHandler(2, 'ini_set(): Head...', 'C:\\wamp64\\www\\s...', 71, Array)
#1 C:\wamp64\www\symox_ci\system\Session\Handlers\FileHandler.php(71): ini_set('session.save_pa...', 'C:\\wamp64\\www\\s...')
#2 C:\wamp64\www\symox_ci\system\Config\Services.php(570): CodeIgniter\Session\Handlers\FileHandler->__construct(Object(Config\App), '::1')
#3 C:\wamp64\www\symox_ci\system\Config\BaseService.php(248): CodeIgniter\Config\Services::session(Object(Config\App), false)
#4 C:\wamp64\www\symox_ci\system\Config\BaseService.php(189): CodeIgniter\Config\BaseService::__callStatic('session', Array)
#5 C:\wamp64\www\symox_ci\system\Config\Services.php(563): CodeIgniter\Config\BaseService::getSharedInstance('session', NULL)
#6 C:\wamp64\www\symox_ci\system\Config\BaseService.php(248): CodeIgniter\Config\Services::session()
#7 C:\wamp64\www\symox_ci\system\Common.php(909): CodeIgniter\Config\BaseService::__callStatic('session', Array)
#8 C:\wamp64\www\symox_ci\app\Filters\AuthCheck.php(13): session()
#9 C:\wamp64\www\symox_ci\system\Filters\Filters.php(173): App\Filters\AuthCheck->before(Object(CodeIgniter\HTTP\IncomingRequest), NULL)
#10 C:\wamp64\www\symox_ci\system\CodeIgniter.php(384): CodeIgniter\Filters\Filters->run('contact-add', 'before')
#11 C:\wamp64\www\symox_ci\system\CodeIgniter.php(318): CodeIgniter\CodeIgniter->handleRequest(NULL, Object(Config\Cache), false)
#12 C:\wamp64\www\symox_ci\public\index.php(37): CodeIgniter\CodeIgniter->run()
#13 C:\wamp64\www\symox_ci\system\Commands\Server\rewrite.php(43): require_once('C:\\wamp64\\www\\s...')
#14 {main}
CRITICAL - 2021-12-03 05:51:07 --> Uncaught ErrorException: Cannot modify header information - headers already sent by (output started at C:\wamp64\www\symox_ci\app\Config\Events.php:32) in C:\wamp64\www\symox_ci\system\Debug\Exceptions.php:107
Stack trace:
#0 [internal function]: CodeIgniter\Debug\Exceptions->errorHandler(2, 'Cannot modify h...', 'C:\\wamp64\\www\\s...', 107, Array)
#1 C:\wamp64\www\symox_ci\system\Debug\Exceptions.php(107): header('HTTP/1.1 500 In...', true, 500)
#2 [internal function]: CodeIgniter\Debug\Exceptions->exceptionHandler(Object(ErrorException))
#3 {main}
  thrown
#0 [internal function]: CodeIgniter\Debug\Exceptions->shutdownHandler()
#1 {main}
CRITICAL - 2021-12-03 06:03:00 --> move_uploaded_file(uploads/user-icon.png): failed to open stream: No such file or directory
#0 [internal function]: CodeIgniter\Debug\Exceptions->errorHandler(2, 'move_uploaded_f...', 'C:\\wamp64\\www\\s...', 74, Array)
#1 C:\wamp64\www\symox_ci\app\Controllers\ContactController.php(74): move_uploaded_file('C:\\wamp64\\tmp\\p...', 'uploads/user-ic...')
#2 C:\wamp64\www\symox_ci\system\CodeIgniter.php(824): App\Controllers\ContactController->add_update()
#3 C:\wamp64\www\symox_ci\system\CodeIgniter.php(410): CodeIgniter\CodeIgniter->runController(Object(App\Controllers\ContactController))
#4 C:\wamp64\www\symox_ci\system\CodeIgniter.php(318): CodeIgniter\CodeIgniter->handleRequest(NULL, Object(Config\Cache), false)
#5 C:\wamp64\www\symox_ci\public\index.php(37): CodeIgniter\CodeIgniter->run()
#6 C:\wamp64\www\symox_ci\system\Commands\Server\rewrite.php(43): require_once('C:\\wamp64\\www\\s...')
#7 {main}
CRITICAL - 2021-12-03 22:38:47 --> Call to a member function isValid() on bool
#0 C:\wamp64\www\symox_ci\system\CodeIgniter.php(824): App\Controllers\ContactController->add_update()
#1 C:\wamp64\www\symox_ci\system\CodeIgniter.php(410): CodeIgniter\CodeIgniter->runController(Object(App\Controllers\ContactController))
#2 C:\wamp64\www\symox_ci\system\CodeIgniter.php(318): CodeIgniter\CodeIgniter->handleRequest(NULL, Object(Config\Cache), false)
#3 C:\wamp64\www\symox_ci\public\index.php(37): CodeIgniter\CodeIgniter->run()
#4 C:\wamp64\www\symox_ci\system\Commands\Server\rewrite.php(43): require_once('C:\\wamp64\\www\\s...')
#5 {main}
CRITICAL - 2021-12-03 22:44:54 --> Call to a member function isValid() on bool
#0 C:\wamp64\www\symox_ci\system\CodeIgniter.php(824): App\Controllers\ContactController->add_update()
#1 C:\wamp64\www\symox_ci\system\CodeIgniter.php(410): CodeIgniter\CodeIgniter->runController(Object(App\Controllers\ContactController))
#2 C:\wamp64\www\symox_ci\system\CodeIgniter.php(318): CodeIgniter\CodeIgniter->handleRequest(NULL, Object(Config\Cache), false)
#3 C:\wamp64\www\symox_ci\public\index.php(37): CodeIgniter\CodeIgniter->run()
#4 C:\wamp64\www\symox_ci\system\Commands\Server\rewrite.php(43): require_once('C:\\wamp64\\www\\s...')
#5 {main}
CRITICAL - 2021-12-03 22:45:28 --> Call to a member function isValid() on bool
#0 C:\wamp64\www\symox_ci\system\CodeIgniter.php(824): App\Controllers\ContactController->add_update()
#1 C:\wamp64\www\symox_ci\system\CodeIgniter.php(410): CodeIgniter\CodeIgniter->runController(Object(App\Controllers\ContactController))
#2 C:\wamp64\www\symox_ci\system\CodeIgniter.php(318): CodeIgniter\CodeIgniter->handleRequest(NULL, Object(Config\Cache), false)
#3 C:\wamp64\www\symox_ci\public\index.php(37): CodeIgniter\CodeIgniter->run()
#4 C:\wamp64\www\symox_ci\system\Commands\Server\rewrite.php(43): require_once('C:\\wamp64\\www\\s...')
#5 {main}
CRITICAL - 2021-12-03 22:53:16 --> move_uploaded_file() expects exactly 2 parameters, 1 given
#0 [internal function]: CodeIgniter\Debug\Exceptions->errorHandler(2, 'move_uploaded_f...', 'C:\\wamp64\\www\\s...', 76, Array)
#1 C:\wamp64\www\symox_ci\app\Controllers\ContactController.php(76): move_uploaded_file('C:\\wamp64\\tmp\\p...')
#2 C:\wamp64\www\symox_ci\system\CodeIgniter.php(824): App\Controllers\ContactController->add_update()
#3 C:\wamp64\www\symox_ci\system\CodeIgniter.php(410): CodeIgniter\CodeIgniter->runController(Object(App\Controllers\ContactController))
#4 C:\wamp64\www\symox_ci\system\CodeIgniter.php(318): CodeIgniter\CodeIgniter->handleRequest(NULL, Object(Config\Cache), false)
#5 C:\wamp64\www\symox_ci\public\index.php(37): CodeIgniter\CodeIgniter->run()
#6 C:\wamp64\www\symox_ci\system\Commands\Server\rewrite.php(43): require_once('C:\\wamp64\\www\\s...')
#7 {main}
CRITICAL - 2021-12-03 22:53:53 --> move_uploaded_file() expects exactly 2 parameters, 1 given
#0 [internal function]: CodeIgniter\Debug\Exceptions->errorHandler(2, 'move_uploaded_f...', 'C:\\wamp64\\www\\s...', 76, Array)
#1 C:\wamp64\www\symox_ci\app\Controllers\ContactController.php(76): move_uploaded_file('C:\\wamp64\\tmp\\p...')
#2 C:\wamp64\www\symox_ci\system\CodeIgniter.php(824): App\Controllers\ContactController->add_update()
#3 C:\wamp64\www\symox_ci\system\CodeIgniter.php(410): CodeIgniter\CodeIgniter->runController(Object(App\Controllers\ContactController))
#4 C:\wamp64\www\symox_ci\system\CodeIgniter.php(318): CodeIgniter\CodeIgniter->handleRequest(NULL, Object(Config\Cache), false)
#5 C:\wamp64\www\symox_ci\public\index.php(37): CodeIgniter\CodeIgniter->run()
#6 C:\wamp64\www\symox_ci\system\Commands\Server\rewrite.php(43): require_once('C:\\wamp64\\www\\s...')
#7 {main}
CRITICAL - 2021-12-03 22:54:34 --> move_uploaded_file(./public/uploads/images.png): failed to open stream: No such file or directory
#0 [internal function]: CodeIgniter\Debug\Exceptions->errorHandler(2, 'move_uploaded_f...', 'C:\\wamp64\\www\\s...', 87, Array)
#1 C:\wamp64\www\symox_ci\app\Controllers\ContactController.php(87): move_uploaded_file('C:\\wamp64\\tmp\\p...', './public/upload...')
#2 C:\wamp64\www\symox_ci\system\CodeIgniter.php(824): App\Controllers\ContactController->add_update()
#3 C:\wamp64\www\symox_ci\system\CodeIgniter.php(410): CodeIgniter\CodeIgniter->runController(Object(App\Controllers\ContactController))
#4 C:\wamp64\www\symox_ci\system\CodeIgniter.php(318): CodeIgniter\CodeIgniter->handleRequest(NULL, Object(Config\Cache), false)
#5 C:\wamp64\www\symox_ci\public\index.php(37): CodeIgniter\CodeIgniter->run()
#6 C:\wamp64\www\symox_ci\system\Commands\Server\rewrite.php(43): require_once('C:\\wamp64\\www\\s...')
#7 {main}
CRITICAL - 2021-12-03 22:55:45 --> move_uploaded_file(./public/uploads/user-icon.png): failed to open stream: No such file or directory
#0 [internal function]: CodeIgniter\Debug\Exceptions->errorHandler(2, 'move_uploaded_f...', 'C:\\wamp64\\www\\s...', 87, Array)
#1 C:\wamp64\www\symox_ci\app\Controllers\ContactController.php(87): move_uploaded_file('C:\\wamp64\\tmp\\p...', './public/upload...')
#2 C:\wamp64\www\symox_ci\system\CodeIgniter.php(824): App\Controllers\ContactController->add_update()
#3 C:\wamp64\www\symox_ci\system\CodeIgniter.php(410): CodeIgniter\CodeIgniter->runController(Object(App\Controllers\ContactController))
#4 C:\wamp64\www\symox_ci\system\CodeIgniter.php(318): CodeIgniter\CodeIgniter->handleRequest(NULL, Object(Config\Cache), false)
#5 C:\wamp64\www\symox_ci\public\index.php(37): CodeIgniter\CodeIgniter->run()
#6 C:\wamp64\www\symox_ci\system\Commands\Server\rewrite.php(43): require_once('C:\\wamp64\\www\\s...')
#7 {main}
CRITICAL - 2021-12-03 22:58:36 --> move_uploaded_file(./public/uploads/user-icon.png): failed to open stream: No such file or directory
#0 [internal function]: CodeIgniter\Debug\Exceptions->errorHandler(2, 'move_uploaded_f...', 'C:\\wamp64\\www\\s...', 87, Array)
#1 C:\wamp64\www\symox_ci\app\Controllers\ContactController.php(87): move_uploaded_file('C:\\wamp64\\tmp\\p...', './public/upload...')
#2 C:\wamp64\www\symox_ci\system\CodeIgniter.php(824): App\Controllers\ContactController->add_update()
#3 C:\wamp64\www\symox_ci\system\CodeIgniter.php(410): CodeIgniter\CodeIgniter->runController(Object(App\Controllers\ContactController))
#4 C:\wamp64\www\symox_ci\system\CodeIgniter.php(318): CodeIgniter\CodeIgniter->handleRequest(NULL, Object(Config\Cache), false)
#5 C:\wamp64\www\symox_ci\public\index.php(37): CodeIgniter\CodeIgniter->run()
#6 C:\wamp64\www\symox_ci\system\Commands\Server\rewrite.php(43): require_once('C:\\wamp64\\www\\s...')
#7 {main}
CRITICAL - 2021-12-03 23:00:19 --> move_uploaded_file(./public/uploads/images.png): failed to open stream: No such file or directory
#0 [internal function]: CodeIgniter\Debug\Exceptions->errorHandler(2, 'move_uploaded_f...', 'C:\\wamp64\\www\\s...', 87, Array)
#1 C:\wamp64\www\symox_ci\app\Controllers\ContactController.php(87): move_uploaded_file('C:\\wamp64\\tmp\\p...', './public/upload...')
#2 C:\wamp64\www\symox_ci\system\CodeIgniter.php(824): App\Controllers\ContactController->add_update()
#3 C:\wamp64\www\symox_ci\system\CodeIgniter.php(410): CodeIgniter\CodeIgniter->runController(Object(App\Controllers\ContactController))
#4 C:\wamp64\www\symox_ci\system\CodeIgniter.php(318): CodeIgniter\CodeIgniter->handleRequest(NULL, Object(Config\Cache), false)
#5 C:\wamp64\www\symox_ci\public\index.php(37): CodeIgniter\CodeIgniter->run()
#6 C:\wamp64\www\symox_ci\system\Commands\Server\rewrite.php(43): require_once('C:\\wamp64\\www\\s...')
#7 {main}
CRITICAL - 2021-12-03 23:08:02 --> move_uploaded_file(./public/uploads/images.png): failed to open stream: No such file or directory
#0 [internal function]: CodeIgniter\Debug\Exceptions->errorHandler(2, 'move_uploaded_f...', 'C:\\wamp64\\www\\s...', 84, Array)
#1 C:\wamp64\www\symox_ci\app\Controllers\ContactController.php(84): move_uploaded_file('C:\\wamp64\\tmp\\p...', './public/upload...')
#2 C:\wamp64\www\symox_ci\system\CodeIgniter.php(824): App\Controllers\ContactController->add_update()
#3 C:\wamp64\www\symox_ci\system\CodeIgniter.php(410): CodeIgniter\CodeIgniter->runController(Object(App\Controllers\ContactController))
#4 C:\wamp64\www\symox_ci\system\CodeIgniter.php(318): CodeIgniter\CodeIgniter->handleRequest(NULL, Object(Config\Cache), false)
#5 C:\wamp64\www\symox_ci\public\index.php(37): CodeIgniter\CodeIgniter->run()
#6 C:\wamp64\www\symox_ci\system\Commands\Server\rewrite.php(43): require_once('C:\\wamp64\\www\\s...')
#7 {main}
CRITICAL - 2021-12-03 23:14:35 --> Class 'App\Controllers\UploadException' not found
#0 C:\wamp64\www\symox_ci\system\CodeIgniter.php(824): App\Controllers\ContactController->add_update()
#1 C:\wamp64\www\symox_ci\system\CodeIgniter.php(410): CodeIgniter\CodeIgniter->runController(Object(App\Controllers\ContactController))
#2 C:\wamp64\www\symox_ci\system\CodeIgniter.php(318): CodeIgniter\CodeIgniter->handleRequest(NULL, Object(Config\Cache), false)
#3 C:\wamp64\www\symox_ci\public\index.php(37): CodeIgniter\CodeIgniter->run()
#4 C:\wamp64\www\symox_ci\system\Commands\Server\rewrite.php(43): require_once('C:\\wamp64\\www\\s...')
#5 {main}
CRITICAL - 2021-12-03 23:22:19 --> syntax error, unexpected '$_FILES' (T_VARIABLE), expecting ';' or ','
#0 C:\wamp64\www\symox_ci\system\Autoloader\Autoloader.php(241): CodeIgniter\Autoloader\Autoloader->includeFile('C:\\wamp64\\www\\s...')
#1 C:\wamp64\www\symox_ci\system\Autoloader\Autoloader.php(219): CodeIgniter\Autoloader\Autoloader->loadInNamespace('App\\Controllers...')
#2 [internal function]: CodeIgniter\Autoloader\Autoloader->loadClass('App\\Controllers...')
#3 [internal function]: spl_autoload_call('App\\Controllers...')
#4 C:\wamp64\www\symox_ci\system\CodeIgniter.php(789): class_exists('\\App\\Controller...', true)
#5 C:\wamp64\www\symox_ci\system\CodeIgniter.php(397): CodeIgniter\CodeIgniter->startController()
#6 C:\wamp64\www\symox_ci\system\CodeIgniter.php(318): CodeIgniter\CodeIgniter->handleRequest(NULL, Object(Config\Cache), false)
#7 C:\wamp64\www\symox_ci\public\index.php(37): CodeIgniter\CodeIgniter->run()
#8 C:\wamp64\www\symox_ci\system\Commands\Server\rewrite.php(43): require_once('C:\\wamp64\\www\\s...')
#9 {main}
CRITICAL - 2021-12-03 23:23:57 --> move_uploaded_file(./public/uploads/images.png): failed to open stream: No such file or directory
#0 [internal function]: CodeIgniter\Debug\Exceptions->errorHandler(2, 'move_uploaded_f...', 'C:\\wamp64\\www\\s...', 87, Array)
#1 C:\wamp64\www\symox_ci\app\Controllers\ContactController.php(87): move_uploaded_file('C:\\wamp64\\tmp\\p...', './public/upload...')
#2 C:\wamp64\www\symox_ci\system\CodeIgniter.php(824): App\Controllers\ContactController->add_update()
#3 C:\wamp64\www\symox_ci\system\CodeIgniter.php(410): CodeIgniter\CodeIgniter->runController(Object(App\Controllers\ContactController))
#4 C:\wamp64\www\symox_ci\system\CodeIgniter.php(318): CodeIgniter\CodeIgniter->handleRequest(NULL, Object(Config\Cache), false)
#5 C:\wamp64\www\symox_ci\public\index.php(37): CodeIgniter\CodeIgniter->run()
#6 C:\wamp64\www\symox_ci\system\Commands\Server\rewrite.php(43): require_once('C:\\wamp64\\www\\s...')
#7 {main}
CRITICAL - 2021-12-03 23:26:19 --> move_uploaded_file(./public/uploads/images.png): failed to open stream: No such file or directory
#0 [internal function]: CodeIgniter\Debug\Exceptions->errorHandler(2, 'move_uploaded_f...', 'C:\\wamp64\\www\\s...', 87, Array)
#1 C:\wamp64\www\symox_ci\app\Controllers\ContactController.php(87): move_uploaded_file('C:\\wamp64\\tmp\\p...', './public/upload...')
#2 C:\wamp64\www\symox_ci\system\CodeIgniter.php(824): App\Controllers\ContactController->add_update()
#3 C:\wamp64\www\symox_ci\system\CodeIgniter.php(410): CodeIgniter\CodeIgniter->runController(Object(App\Controllers\ContactController))
#4 C:\wamp64\www\symox_ci\system\CodeIgniter.php(318): CodeIgniter\CodeIgniter->handleRequest(NULL, Object(Config\Cache), false)
#5 C:\wamp64\www\symox_ci\public\index.php(37): CodeIgniter\CodeIgniter->run()
#6 C:\wamp64\www\symox_ci\system\Commands\Server\rewrite.php(43): require_once('C:\\wamp64\\www\\s...')
#7 {main}
CRITICAL - 2021-12-03 23:28:10 --> move_uploaded_file(./public/uploads/user-icon.png): failed to open stream: No such file or directory
#0 [internal function]: CodeIgniter\Debug\Exceptions->errorHandler(2, 'move_uploaded_f...', 'C:\\wamp64\\www\\s...', 87, Array)
#1 C:\wamp64\www\symox_ci\app\Controllers\ContactController.php(87): move_uploaded_file('C:\\wamp64\\tmp\\p...', './public/upload...')
#2 C:\wamp64\www\symox_ci\system\CodeIgniter.php(824): App\Controllers\ContactController->add_update()
#3 C:\wamp64\www\symox_ci\system\CodeIgniter.php(410): CodeIgniter\CodeIgniter->runController(Object(App\Controllers\ContactController))
#4 C:\wamp64\www\symox_ci\system\CodeIgniter.php(318): CodeIgniter\CodeIgniter->handleRequest(NULL, Object(Config\Cache), false)
#5 C:\wamp64\www\symox_ci\public\index.php(37): CodeIgniter\CodeIgniter->run()
#6 C:\wamp64\www\symox_ci\system\Commands\Server\rewrite.php(43): require_once('C:\\wamp64\\www\\s...')
#7 {main}
CRITICAL - 2021-12-03 23:31:14 --> move_uploaded_file(./public/uploads/images.png): failed to open stream: No such file or directory
#0 [internal function]: CodeIgniter\Debug\Exceptions->errorHandler(2, 'move_uploaded_f...', 'C:\\wamp64\\www\\s...', 87, Array)
#1 C:\wamp64\www\symox_ci\app\Controllers\ContactController.php(87): move_uploaded_file('C:\\wamp64\\tmp\\p...', './public/upload...')
#2 C:\wamp64\www\symox_ci\system\CodeIgniter.php(824): App\Controllers\ContactController->add_update()
#3 C:\wamp64\www\symox_ci\system\CodeIgniter.php(410): CodeIgniter\CodeIgniter->runController(Object(App\Controllers\ContactController))
#4 C:\wamp64\www\symox_ci\system\CodeIgniter.php(318): CodeIgniter\CodeIgniter->handleRequest(NULL, Object(Config\Cache), false)
#5 C:\wamp64\www\symox_ci\public\index.php(37): CodeIgniter\CodeIgniter->run()
#6 C:\wamp64\www\symox_ci\system\Commands\Server\rewrite.php(43): require_once('C:\\wamp64\\www\\s...')
#7 {main}
CRITICAL - 2021-12-03 23:34:23 --> move_uploaded_file(./public/uploads/images.png): failed to open stream: No such file or directory
#0 [internal function]: CodeIgniter\Debug\Exceptions->errorHandler(2, 'move_uploaded_f...', 'C:\\wamp64\\www\\s...', 87, Array)
#1 C:\wamp64\www\symox_ci\app\Controllers\ContactController.php(87): move_uploaded_file('C:\\wamp64\\tmp\\p...', './public/upload...')
#2 C:\wamp64\www\symox_ci\system\CodeIgniter.php(824): App\Controllers\ContactController->add_update()
#3 C:\wamp64\www\symox_ci\system\CodeIgniter.php(410): CodeIgniter\CodeIgniter->runController(Object(App\Controllers\ContactController))
#4 C:\wamp64\www\symox_ci\system\CodeIgniter.php(318): CodeIgniter\CodeIgniter->handleRequest(NULL, Object(Config\Cache), false)
#5 C:\wamp64\www\symox_ci\public\index.php(37): CodeIgniter\CodeIgniter->run()
#6 C:\wamp64\www\symox_ci\system\Commands\Server\rewrite.php(43): require_once('C:\\wamp64\\www\\s...')
#7 {main}
CRITICAL - 2021-12-03 23:38:11 --> move_uploaded_file(./public/uploads/images.png): failed to open stream: No such file or directory
#0 [internal function]: CodeIgniter\Debug\Exceptions->errorHandler(2, 'move_uploaded_f...', 'C:\\wamp64\\www\\s...', 79, Array)
#1 C:\wamp64\www\symox_ci\app\Controllers\ContactController.php(79): move_uploaded_file('C:\\wamp64\\tmp\\p...', './public/upload...')
#2 C:\wamp64\www\symox_ci\system\CodeIgniter.php(824): App\Controllers\ContactController->add_update()
#3 C:\wamp64\www\symox_ci\system\CodeIgniter.php(410): CodeIgniter\CodeIgniter->runController(Object(App\Controllers\ContactController))
#4 C:\wamp64\www\symox_ci\system\CodeIgniter.php(318): CodeIgniter\CodeIgniter->handleRequest(NULL, Object(Config\Cache), false)
#5 C:\wamp64\www\symox_ci\public\index.php(37): CodeIgniter\CodeIgniter->run()
#6 C:\wamp64\www\symox_ci\system\Commands\Server\rewrite.php(43): require_once('C:\\wamp64\\www\\s...')
#7 {main}
CRITICAL - 2021-12-03 23:40:53 --> move_uploaded_file(./public/uploads/images.png): failed to open stream: No such file or directory
#0 [internal function]: CodeIgniter\Debug\Exceptions->errorHandler(2, 'move_uploaded_f...', 'C:\\wamp64\\www\\s...', 79, Array)
#1 C:\wamp64\www\symox_ci\app\Controllers\ContactController.php(79): move_uploaded_file('C:\\wamp64\\tmp\\p...', './public/upload...')
#2 C:\wamp64\www\symox_ci\system\CodeIgniter.php(824): App\Controllers\ContactController->add_update()
#3 C:\wamp64\www\symox_ci\system\CodeIgniter.php(410): CodeIgniter\CodeIgniter->runController(Object(App\Controllers\ContactController))
#4 C:\wamp64\www\symox_ci\system\CodeIgniter.php(318): CodeIgniter\CodeIgniter->handleRequest(NULL, Object(Config\Cache), false)
#5 C:\wamp64\www\symox_ci\public\index.php(37): CodeIgniter\CodeIgniter->run()
#6 C:\wamp64\www\symox_ci\system\Commands\Server\rewrite.php(43): require_once('C:\\wamp64\\www\\s...')
#7 {main}
CRITICAL - 2021-12-03 23:41:31 --> move_uploaded_file(./public/uploads/images.png): failed to open stream: No such file or directory
#0 [internal function]: CodeIgniter\Debug\Exceptions->errorHandler(2, 'move_uploaded_f...', 'C:\\wamp64\\www\\s...', 79, Array)
#1 C:\wamp64\www\symox_ci\app\Controllers\ContactController.php(79): move_uploaded_file('C:\\wamp64\\tmp\\p...', './public/upload...')
#2 C:\wamp64\www\symox_ci\system\CodeIgniter.php(824): App\Controllers\ContactController->add_update()
#3 C:\wamp64\www\symox_ci\system\CodeIgniter.php(410): CodeIgniter\CodeIgniter->runController(Object(App\Controllers\ContactController))
#4 C:\wamp64\www\symox_ci\system\CodeIgniter.php(318): CodeIgniter\CodeIgniter->handleRequest(NULL, Object(Config\Cache), false)
#5 C:\wamp64\www\symox_ci\public\index.php(37): CodeIgniter\CodeIgniter->run()
#6 C:\wamp64\www\symox_ci\system\Commands\Server\rewrite.php(43): require_once('C:\\wamp64\\www\\s...')
#7 {main}
CRITICAL - 2021-12-03 23:43:53 --> move_uploaded_file(./public/uploads/images.png): failed to open stream: No such file or directory
#0 [internal function]: CodeIgniter\Debug\Exceptions->errorHandler(2, 'move_uploaded_f...', 'C:\\wamp64\\www\\s...', 77, Array)
#1 C:\wamp64\www\symox_ci\app\Controllers\ContactController.php(77): move_uploaded_file('C:\\wamp64\\tmp\\p...', './public/upload...')
#2 C:\wamp64\www\symox_ci\system\CodeIgniter.php(824): App\Controllers\ContactController->add_update()
#3 C:\wamp64\www\symox_ci\system\CodeIgniter.php(410): CodeIgniter\CodeIgniter->runController(Object(App\Controllers\ContactController))
#4 C:\wamp64\www\symox_ci\system\CodeIgniter.php(318): CodeIgniter\CodeIgniter->handleRequest(NULL, Object(Config\Cache), false)
#5 C:\wamp64\www\symox_ci\public\index.php(37): CodeIgniter\CodeIgniter->run()
#6 C:\wamp64\www\symox_ci\system\Commands\Server\rewrite.php(43): require_once('C:\\wamp64\\www\\s...')
#7 {main}
CRITICAL - 2021-12-03 23:44:47 --> move_uploaded_file(./public/uploads/images.png): failed to open stream: No such file or directory
#0 [internal function]: CodeIgniter\Debug\Exceptions->errorHandler(2, 'move_uploaded_f...', 'C:\\wamp64\\www\\s...', 77, Array)
#1 C:\wamp64\www\symox_ci\app\Controllers\ContactController.php(77): move_uploaded_file('C:\\wamp64\\tmp\\p...', './public/upload...')
#2 C:\wamp64\www\symox_ci\system\CodeIgniter.php(824): App\Controllers\ContactController->add_update()
#3 C:\wamp64\www\symox_ci\system\CodeIgniter.php(410): CodeIgniter\CodeIgniter->runController(Object(App\Controllers\ContactController))
#4 C:\wamp64\www\symox_ci\system\CodeIgniter.php(318): CodeIgniter\CodeIgniter->handleRequest(NULL, Object(Config\Cache), false)
#5 C:\wamp64\www\symox_ci\public\index.php(37): CodeIgniter\CodeIgniter->run()
#6 C:\wamp64\www\symox_ci\system\Commands\Server\rewrite.php(43): require_once('C:\\wamp64\\www\\s...')
#7 {main}
CRITICAL - 2021-12-03 23:45:14 --> move_uploaded_file(./public/uploads/images.png): failed to open stream: No such file or directory
#0 [internal function]: CodeIgniter\Debug\Exceptions->errorHandler(2, 'move_uploaded_f...', 'C:\\wamp64\\www\\s...', 77, Array)
#1 C:\wamp64\www\symox_ci\app\Controllers\ContactController.php(77): move_uploaded_file('C:\\wamp64\\tmp\\p...', './public/upload...')
#2 C:\wamp64\www\symox_ci\system\CodeIgniter.php(824): App\Controllers\ContactController->add_update()
#3 C:\wamp64\www\symox_ci\system\CodeIgniter.php(410): CodeIgniter\CodeIgniter->runController(Object(App\Controllers\ContactController))
#4 C:\wamp64\www\symox_ci\system\CodeIgniter.php(318): CodeIgniter\CodeIgniter->handleRequest(NULL, Object(Config\Cache), false)
#5 C:\wamp64\www\symox_ci\public\index.php(37): CodeIgniter\CodeIgniter->run()
#6 C:\wamp64\www\symox_ci\system\Commands\Server\rewrite.php(43): require_once('C:\\wamp64\\www\\s...')
#7 {main}
CRITICAL - 2021-12-03 23:50:14 --> move_uploaded_file(./public/uploads/images.png): failed to open stream: No such file or directory
#0 [internal function]: CodeIgniter\Debug\Exceptions->errorHandler(2, 'move_uploaded_f...', 'C:\\wamp64\\www\\s...', 77, Array)
#1 C:\wamp64\www\symox_ci\app\Controllers\ContactController.php(77): move_uploaded_file('C:\\wamp64\\tmp\\p...', './public/upload...')
#2 C:\wamp64\www\symox_ci\system\CodeIgniter.php(824): App\Controllers\ContactController->add_update()
#3 C:\wamp64\www\symox_ci\system\CodeIgniter.php(410): CodeIgniter\CodeIgniter->runController(Object(App\Controllers\ContactController))
#4 C:\wamp64\www\symox_ci\system\CodeIgniter.php(318): CodeIgniter\CodeIgniter->handleRequest(NULL, Object(Config\Cache), false)
#5 C:\wamp64\www\symox_ci\public\index.php(37): CodeIgniter\CodeIgniter->run()
#6 C:\wamp64\www\symox_ci\system\Commands\Server\rewrite.php(43): require_once('C:\\wamp64\\www\\s...')
#7 {main}
CRITICAL - 2021-12-03 23:55:27 --> syntax error, unexpected '\' (T_NS_SEPARATOR), expecting identifier (T_STRING)
#0 C:\wamp64\www\symox_ci\system\Autoloader\Autoloader.php(241): CodeIgniter\Autoloader\Autoloader->includeFile('C:\\wamp64\\www\\s...')
#1 C:\wamp64\www\symox_ci\system\Autoloader\Autoloader.php(219): CodeIgniter\Autoloader\Autoloader->loadInNamespace('App\\Controllers...')
#2 [internal function]: CodeIgniter\Autoloader\Autoloader->loadClass('App\\Controllers...')
#3 [internal function]: spl_autoload_call('App\\Controllers...')
#4 C:\wamp64\www\symox_ci\system\CodeIgniter.php(789): class_exists('\\App\\Controller...', true)
#5 C:\wamp64\www\symox_ci\system\CodeIgniter.php(397): CodeIgniter\CodeIgniter->startController()
#6 C:\wamp64\www\symox_ci\system\CodeIgniter.php(318): CodeIgniter\CodeIgniter->handleRequest(NULL, Object(Config\Cache), false)
#7 C:\wamp64\www\symox_ci\public\index.php(37): CodeIgniter\CodeIgniter->run()
#8 C:\wamp64\www\symox_ci\system\Commands\Server\rewrite.php(43): require_once('C:\\wamp64\\www\\s...')
#9 {main}
